TN:
SF:src/application/index.ts
FNF:0
FNH:0
DA:1,0
DA:2,0
DA:3,0
DA:4,0
DA:5,0
DA:6,0
DA:7,0
DA:8,0
DA:9,0
DA:10,0
DA:11,0
LF:11
LH:0
BRF:0
BRH:0
end_of_record
TN:
SF:src/application/services/anarchy-server-setup-service.ts
FN:49,(anonymous_0)
FN:62,(anonymous_1)
FN:158,(anonymous_2)
FN:209,(anonymous_3)
FN:257,(anonymous_4)
FN:272,(anonymous_5)
FN:335,(anonymous_6)
FN:358,(anonymous_7)
FN:435,(anonymous_8)
FN:482,(anonymous_9)
FN:484,(anonymous_10)
FN:493,(anonymous_11)
FN:521,(anonymous_12)
FNF:13
FNH:0
FNDA:0,(anonymous_0)
FNDA:0,(anonymous_1)
FNDA:0,(anonymous_2)
FNDA:0,(anonymous_3)
FNDA:0,(anonymous_4)
FNDA:0,(anonymous_5)
FNDA:0,(anonymous_6)
FNDA:0,(anonymous_7)
FNDA:0,(anonymous_8)
FNDA:0,(anonymous_9)
FNDA:0,(anonymous_10)
FNDA:0,(anonymous_11)
FNDA:0,(anonymous_12)
DA:1,0
DA:2,0
DA:3,0
DA:4,0
DA:5,0
DA:6,0
DA:7,0
DA:8,0
DA:9,0
DA:10,0
DA:11,0
DA:12,0
DA:13,0
DA:18,0
DA:37,0
DA:50,0
DA:51,0
DA:52,0
DA:53,0
DA:54,0
DA:55,0
DA:56,0
DA:57,0
DA:58,0
DA:59,0
DA:63,0
DA:64,0
DA:70,0
DA:72,0
DA:73,0
DA:76,0
DA:77,0
DA:78,0
DA:82,0
DA:83,0
DA:84,0
DA:85,0
DA:93,0
DA:94,0
DA:95,0
DA:97,0
DA:102,0
DA:103,0
DA:105,0
DA:106,0
DA:108,0
DA:114,0
DA:115,0
DA:116,0
DA:119,0
DA:120,0
DA:121,0
DA:128,0
DA:129,0
DA:130,0
DA:132,0
DA:136,0
DA:141,0
DA:144,0
DA:147,0
DA:148,0
DA:149,0
DA:151,0
DA:152,0
DA:153,0
DA:154,0
DA:155,0
DA:158,0
DA:159,0
DA:161,0
DA:177,0
DA:178,0
DA:179,0
DA:181,0
DA:185,0
DA:187,0
DA:189,0
DA:198,0
DA:199,0
DA:210,0
DA:215,0
DA:217,0
DA:218,0
DA:221,0
DA:233,0
DA:234,0
DA:235,0
DA:236,0
DA:238,0
DA:239,0
DA:240,0
DA:241,0
DA:242,0
DA:245,0
DA:249,0
DA:250,0
DA:252,0
DA:257,0
DA:258,0
DA:261,0
DA:262,0
DA:263,0
DA:264,0
DA:265,0
DA:267,0
DA:272,0
DA:273,0
DA:274,0
DA:275,0
DA:276,0
DA:279,0
DA:280,0
DA:281,0
DA:282,0
DA:283,0
DA:285,0
DA:290,0
DA:291,0
DA:292,0
DA:293,0
DA:314,0
DA:317,0
DA:325,0
DA:326,0
DA:336,0
DA:351,0
DA:352,0
DA:355,0
DA:359,0
DA:362,0
DA:368,0
DA:371,0
DA:376,0
DA:380,0
DA:381,0
DA:382,0
DA:387,0
DA:391,0
DA:392,0
DA:393,0
DA:394,0
DA:395,0
DA:401,0
DA:405,0
DA:406,0
DA:407,0
DA:408,0
DA:409,0
DA:415,0
DA:419,0
DA:420,0
DA:421,0
DA:422,0
DA:423,0
DA:429,0
DA:432,0
DA:436,0
DA:439,0
DA:440,0
DA:443,0
DA:448,0
DA:453,0
DA:454,0
DA:455,0
DA:456,0
DA:461,0
DA:462,0
DA:467,0
DA:471,0
DA:472,0
DA:473,0
DA:478,0
DA:482,0
DA:483,0
DA:484,0
DA:487,0
DA:490,0
DA:494,0
DA:496,0
DA:497,0
DA:518,0
DA:522,0
DA:523,0
DA:524,0
DA:525,0
DA:527,0
DA:528,0
DA:529,0
DA:530,0
DA:532,0
DA:537,0
LF:191
LH:0
BRDA:63,0,0,0
BRDA:63,0,1,0
BRDA:77,1,0,0
BRDA:97,2,0,0
BRDA:97,2,1,0
BRDA:132,3,0,0
BRDA:132,3,1,0
BRDA:136,4,0,0
BRDA:136,4,1,0
BRDA:149,5,0,0
BRDA:153,6,0,0
BRDA:181,7,0,0
BRDA:181,7,1,0
BRDA:191,8,0,0
BRDA:191,8,1,0
BRDA:204,9,0,0
BRDA:204,9,1,0
BRDA:240,10,0,0
BRDA:252,11,0,0
BRDA:252,11,1,0
BRDA:258,12,0,0
BRDA:258,12,1,0
BRDA:267,13,0,0
BRDA:267,13,1,0
BRDA:273,14,0,0
BRDA:274,15,0,0
BRDA:275,16,0,0
BRDA:285,17,0,0
BRDA:285,17,1,0
BRDA:292,18,0,0
BRDA:314,19,0,0
BRDA:314,19,1,0
BRDA:319,20,0,0
BRDA:319,20,1,0
BRDA:330,21,0,0
BRDA:330,21,1,0
BRDA:351,22,0,0
BRDA:355,23,0,0
BRDA:355,23,1,0
BRDA:368,24,0,0
BRDA:368,24,1,0
BRDA:368,24,2,0
BRDA:368,24,3,0
BRDA:368,24,4,0
BRDA:381,25,0,0
BRDA:394,26,0,0
BRDA:408,27,0,0
BRDA:422,28,0,0
BRDA:443,29,0,0
BRDA:443,29,1,0
BRDA:443,29,2,0
BRDA:443,29,3,0
BRDA:443,29,4,0
BRDA:455,30,0,0
BRDA:461,31,0,0
BRDA:472,32,0,0
BRDA:483,33,0,0
BRDA:483,34,0,0
BRDA:483,34,1,0
BRDA:496,35,0,0
BRDA:525,36,0,0
BRF:61
BRH:0
end_of_record
TN:
SF:src/application/services/application-service.ts
FN:31,(anonymous_0)
FN:38,(anonymous_1)
FN:72,(anonymous_2)
FN:108,(anonymous_3)
FN:152,(anonymous_4)
FN:156,(anonymous_5)
FN:160,(anonymous_6)
FN:164,(anonymous_7)
FN:168,(anonymous_8)
FN:178,(anonymous_9)
FN:179,(anonymous_10)
FN:180,(anonymous_11)
FN:184,(anonymous_12)
FNF:13
FNH:0
FNDA:0,(anonymous_0)
FNDA:0,(anonymous_1)
FNDA:0,(anonymous_2)
FNDA:0,(anonymous_3)
FNDA:0,(anonymous_4)
FNDA:0,(anonymous_5)
FNDA:0,(anonymous_6)
FNDA:0,(anonymous_7)
FNDA:0,(anonymous_8)
FNDA:0,(anonymous_9)
FNDA:0,(anonymous_10)
FNDA:0,(anonymous_11)
FNDA:0,(anonymous_12)
DA:1,0
DA:7,0
DA:30,0
DA:32,0
DA:33,0
DA:34,0
DA:35,0
DA:39,0
DA:46,0
DA:47,0
DA:48,0
DA:52,0
DA:61,0
DA:63,0
DA:69,0
DA:73,0
DA:79,0
DA:80,0
DA:81,0
DA:84,0
DA:85,0
DA:88,0
DA:95,0
DA:96,0
DA:99,0
DA:105,0
DA:109,0
DA:110,0
DA:113,0
DA:114,0
DA:115,0
DA:116,0
DA:117,0
DA:121,0
DA:122,0
DA:123,0
DA:127,0
DA:128,0
DA:129,0
DA:130,0
DA:133,0
DA:137,0
DA:141,0
DA:142,0
DA:145,0
DA:153,0
DA:157,0
DA:161,0
DA:165,0
DA:174,0
DA:176,0
DA:178,0
DA:179,0
DA:180,0
DA:185,0
LF:55
LH:0
BRDA:47,0,0,0
BRDA:80,1,0,0
BRDA:84,2,0,0
BRDA:89,3,0,0
BRDA:89,3,1,0
BRDA:95,4,0,0
BRDA:114,5,0,0
BRDA:114,5,1,0
BRDA:116,6,0,0
BRDA:122,7,0,0
BRDA:122,8,0,0
BRDA:122,8,1,0
BRDA:129,9,0,0
BRDA:135,10,0,0
BRDA:135,10,1,0
BRDA:141,11,0,0
BRDA:141,12,0,0
BRDA:141,12,1,0
BRF:18
BRH:0
end_of_record
TN:
SF:src/application/services/case-service.ts
FN:22,(anonymous_0)
FN:28,(anonymous_1)
FN:65,(anonymous_2)
FN:87,(anonymous_3)
FN:100,(anonymous_4)
FN:116,(anonymous_5)
FN:129,(anonymous_6)
FN:156,(anonymous_7)
FN:173,(anonymous_8)
FN:192,(anonymous_9)
FN:211,(anonymous_10)
FN:219,(anonymous_11)
FN:223,(anonymous_12)
FN:227,(anonymous_13)
FN:231,(anonymous_14)
FN:235,(anonymous_15)
FN:239,(anonymous_16)
FN:243,(anonymous_17)
FN:256,(anonymous_18)
FN:261,(anonymous_19)
FN:266,(anonymous_20)
FN:270,(anonymous_21)
FN:293,(anonymous_22)
FNF:23
FNH:7
FNDA:14,(anonymous_0)
FNDA:8,(anonymous_1)
FNDA:0,(anonymous_2)
FNDA:0,(anonymous_3)
FNDA:0,(anonymous_4)
FNDA:0,(anonymous_5)
FNDA:3,(anonymous_6)
FNDA:0,(anonymous_7)
FNDA:0,(anonymous_8)
FNDA:0,(anonymous_9)
FNDA:2,(anonymous_10)
FNDA:1,(anonymous_11)
FNDA:0,(anonymous_12)
FNDA:0,(anonymous_13)
FNDA:1,(anonymous_14)
FNDA:0,(anonymous_15)
FNDA:0,(anonymous_16)
FNDA:0,(anonymous_17)
FNDA:0,(anonymous_18)
FNDA:0,(anonymous_19)
FNDA:0,(anonymous_20)
FNDA:8,(anonymous_21)
FNDA:0,(anonymous_22)
DA:1,1
DA:18,1
DA:19,1
DA:21,1
DA:23,14
DA:24,14
DA:25,14
DA:29,8
DA:36,8
DA:37,8
DA:38,8
DA:40,8
DA:54,8
DA:56,8
DA:62,8
DA:66,0
DA:72,0
DA:74,0
DA:75,0
DA:78,0
DA:84,0
DA:88,0
DA:90,0
DA:92,0
DA:93,0
DA:96,0
DA:97,0
DA:104,0
DA:106,0
DA:108,0
DA:109,0
DA:112,0
DA:113,0
DA:117,0
DA:119,0
DA:121,0
DA:122,0
DA:125,0
DA:126,0
DA:130,3
DA:136,3
DA:144,3
DA:145,0
DA:148,3
DA:153,3
DA:157,0
DA:159,0
DA:160,0
DA:161,0
DA:162,0
DA:164,0
DA:166,0
DA:167,0
DA:170,0
DA:174,0
DA:182,0
DA:184,0
DA:185,0
DA:188,0
DA:189,0
DA:193,0
DA:201,0
DA:203,0
DA:204,0
DA:207,0
DA:208,0
DA:216,2
DA:220,1
DA:224,0
DA:228,0
DA:232,1
DA:236,0
DA:240,0
DA:253,0
DA:257,0
DA:258,0
DA:262,0
DA:263,0
DA:267,0
DA:271,8
DA:274,8
DA:280,8
DA:281,0
DA:284,8
DA:290,8
DA:294,0
DA:298,0
DA:306,0
DA:307,0
DA:310,0
DA:311,0
LF:91
LH:28
BRDA:48,0,0,8
BRDA:48,0,1,7
BRDA:74,1,0,0
BRDA:92,2,0,0
BRDA:108,3,0,0
BRDA:108,4,0,0
BRDA:108,4,1,0
BRDA:121,5,0,0
BRDA:144,6,0,0
BRDA:159,7,0,0
BRDA:160,8,0,0
BRDA:161,9,0,0
BRDA:162,10,0,0
BRDA:166,11,0,0
BRDA:184,12,0,0
BRDA:192,13,0,0
BRDA:203,14,0,0
BRDA:258,15,0,0
BRDA:258,15,1,0
BRDA:263,16,0,0
BRDA:263,16,1,0
BRDA:280,17,0,0
BRDA:301,18,0,0
BRDA:301,18,1,0
BRDA:306,19,0,0
BRF:25
BRH:2
end_of_record
TN:
SF:src/application/services/discord-role-sync-service.ts
FN:20,(anonymous_0)
FN:28,(anonymous_1)
FN:36,(anonymous_2)
FN:62,(anonymous_3)
FN:68,(anonymous_4)
FN:77,(anonymous_5)
FN:95,(anonymous_6)
FN:96,(anonymous_7)
FN:125,(anonymous_8)
FN:143,(anonymous_9)
FN:172,(anonymous_10)
FN:178,(anonymous_11)
FN:187,(anonymous_12)
FN:188,(anonymous_13)
FN:208,(anonymous_14)
FN:212,(anonymous_15)
FN:219,(anonymous_16)
FN:261,(anonymous_17)
FNF:18
FNH:0
FNDA:0,(anonymous_0)
FNDA:0,(anonymous_1)
FNDA:0,(anonymous_2)
FNDA:0,(anonymous_3)
FNDA:0,(anonymous_4)
FNDA:0,(anonymous_5)
FNDA:0,(anonymous_6)
FNDA:0,(anonymous_7)
FNDA:0,(anonymous_8)
FNDA:0,(anonymous_9)
FNDA:0,(anonymous_10)
FNDA:0,(anonymous_11)
FNDA:0,(anonymous_12)
FNDA:0,(anonymous_13)
FNDA:0,(anonymous_14)
FNDA:0,(anonymous_15)
FNDA:0,(anonymous_16)
FNDA:0,(anonymous_17)
DA:5,0
DA:6,0
DA:7,0
DA:15,0
DA:18,0
DA:24,0
DA:25,0
DA:29,0
DA:30,0
DA:31,0
DA:34,0
DA:35,0
DA:36,0
DA:40,0
DA:41,0
DA:48,0
DA:50,0
DA:54,0
DA:55,0
DA:57,0
DA:58,0
DA:67,0
DA:68,0
DA:69,0
DA:70,0
DA:76,0
DA:77,0
DA:79,0
DA:80,0
DA:86,0
DA:87,0
DA:88,0
DA:95,0
DA:96,0
DA:97,0
DA:100,0
DA:101,0
DA:105,0
DA:106,0
DA:110,0
DA:115,0
DA:125,0
DA:131,0
DA:133,0
DA:135,0
DA:136,0
DA:147,0
DA:148,0
DA:149,0
DA:150,0
DA:151,0
DA:153,0
DA:154,0
DA:155,0
DA:156,0
DA:158,0
DA:159,0
DA:163,0
DA:165,0
DA:167,0
DA:168,0
DA:177,0
DA:178,0
DA:179,0
DA:180,0
DA:186,0
DA:187,0
DA:188,0
DA:189,0
DA:192,0
DA:193,0
DA:196,0
DA:198,0
DA:200,0
DA:201,0
DA:209,0
DA:213,0
DA:214,0
DA:215,0
DA:217,0
DA:218,0
DA:219,0
DA:223,0
DA:224,0
DA:225,0
DA:234,0
DA:235,0
DA:240,0
DA:242,0
DA:243,0
DA:245,0
DA:247,0
DA:248,0
DA:249,0
DA:254,0
DA:256,0
DA:257,0
DA:263,0
DA:272,0
LF:99
LH:0
BRDA:36,0,0,0
BRDA:36,0,1,0
BRDA:40,1,0,0
BRDA:40,1,1,0
BRDA:69,2,0,0
BRDA:76,3,0,0
BRDA:76,3,1,0
BRDA:79,4,0,0
BRDA:87,5,0,0
BRDA:97,6,0,0
BRDA:97,6,1,0
BRDA:105,7,0,0
BRDA:155,8,0,0
BRDA:155,8,1,0
BRDA:179,9,0,0
BRDA:186,10,0,0
BRDA:186,10,1,0
BRDA:209,11,0,0
BRDA:209,11,1,0
BRDA:219,12,0,0
BRDA:219,12,1,0
BRDA:223,13,0,0
BRDA:234,14,0,0
BRDA:234,14,1,0
BRDA:247,15,0,0
BRDA:247,15,1,0
BRDA:272,16,0,0
BRDA:272,16,1,0
BRF:28
BRH:0
end_of_record
TN:
SF:src/application/services/feedback-service.ts
FN:18,(anonymous_0)
FN:24,(anonymous_1)
FN:76,(anonymous_2)
FN:107,(anonymous_3)
FN:111,(anonymous_4)
FN:115,(anonymous_5)
FN:132,(anonymous_6)
FN:133,(anonymous_7)
FN:135,(anonymous_8)
FN:151,(anonymous_9)
FN:155,(anonymous_10)
FN:159,(anonymous_11)
FN:163,(anonymous_12)
FN:167,(anonymous_13)
FN:172,(anonymous_14)
FN:176,(anonymous_15)
FN:203,(anonymous_16)
FN:207,(anonymous_17)
FNF:18
FNH:0
FNDA:0,(anonymous_0)
FNDA:0,(anonymous_1)
FNDA:0,(anonymous_2)
FNDA:0,(anonymous_3)
FNDA:0,(anonymous_4)
FNDA:0,(anonymous_5)
FNDA:0,(anonymous_6)
FNDA:0,(anonymous_7)
FNDA:0,(anonymous_8)
FNDA:0,(anonymous_9)
FNDA:0,(anonymous_10)
FNDA:0,(anonymous_11)
FNDA:0,(anonymous_12)
FNDA:0,(anonymous_13)
FNDA:0,(anonymous_14)
FNDA:0,(anonymous_15)
FNDA:0,(anonymous_16)
FNDA:0,(anonymous_17)
DA:1,0
DA:15,0
DA:17,0
DA:19,0
DA:20,0
DA:21,0
DA:25,0
DA:33,0
DA:34,0
DA:35,0
DA:39,0
DA:40,0
DA:41,0
DA:45,0
DA:46,0
DA:47,0
DA:48,0
DA:53,0
DA:64,0
DA:66,0
DA:73,0
DA:86,0
DA:87,0
DA:94,0
DA:99,0
DA:100,0
DA:101,0
DA:104,0
DA:108,0
DA:112,0
DA:127,0
DA:128,0
DA:131,0
DA:132,0
DA:133,0
DA:135,0
DA:142,0
DA:152,0
DA:156,0
DA:160,0
DA:164,0
DA:168,0
DA:169,0
DA:173,0
DA:182,0
DA:183,0
DA:184,0
DA:187,0
DA:195,0
DA:202,0
DA:203,0
DA:206,0
DA:207,0
DA:210,0
DA:211,0
DA:213,0
DA:214,0
DA:216,0
DA:217,0
DA:218,0
DA:219,0
DA:221,0
DA:225,0
LF:63
LH:0
BRDA:34,0,0,0
BRDA:40,1,0,0
BRDA:45,2,0,0
BRDA:47,3,0,0
BRDA:99,4,0,0
BRDA:169,5,0,0
BRDA:169,5,1,0
BRDA:172,6,0,0
BRDA:176,7,0,0
BRDA:202,8,0,0
BRDA:202,8,1,0
BRDA:206,9,0,0
BRDA:206,9,1,0
BRDA:213,10,0,0
BRDA:216,11,0,0
BRDA:216,11,1,0
BRDA:218,12,0,0
BRDA:218,12,1,0
BRF:18
BRH:0
end_of_record
TN:
SF:src/application/services/help-service.ts
FN:114,(anonymous_0)
FN:119,(anonymous_1)
FN:132,(anonymous_2)
FN:146,(anonymous_3)
FN:149,(anonymous_4)
FN:152,(anonymous_5)
FN:169,(anonymous_6)
FN:172,(anonymous_7)
FN:175,(anonymous_8)
FN:187,(anonymous_9)
FN:206,(anonymous_10)
FN:213,(anonymous_11)
FN:236,(anonymous_12)
FN:253,(anonymous_13)
FN:264,(anonymous_14)
FN:282,(anonymous_15)
FN:304,(anonymous_16)
FN:334,(anonymous_17)
FN:360,(anonymous_18)
FNF:19
FNH:0
FNDA:0,(anonymous_0)
FNDA:0,(anonymous_1)
FNDA:0,(anonymous_2)
FNDA:0,(anonymous_3)
FNDA:0,(anonymous_4)
FNDA:0,(anonymous_5)
FNDA:0,(anonymous_6)
FNDA:0,(anonymous_7)
FNDA:0,(anonymous_8)
FNDA:0,(anonymous_9)
FNDA:0,(anonymous_10)
FNDA:0,(anonymous_11)
FNDA:0,(anonymous_12)
FNDA:0,(anonymous_13)
FNDA:0,(anonymous_14)
FNDA:0,(anonymous_15)
FNDA:0,(anonymous_16)
FNDA:0,(anonymous_17)
FNDA:0,(anonymous_18)
DA:1,0
DA:2,0
DA:3,0
DA:4,0
DA:37,0
DA:42,0
DA:58,0
DA:115,0
DA:116,0
DA:124,0
DA:125,0
DA:128,0
DA:130,0
DA:132,0
DA:133,0
DA:137,0
DA:138,0
DA:139,0
DA:146,0
DA:147,0
DA:148,0
DA:149,0
DA:152,0
DA:153,0
DA:161,0
DA:168,0
DA:169,0
DA:172,0
DA:174,0
DA:175,0
DA:182,0
DA:183,0
DA:188,0
DA:190,0
DA:191,0
DA:192,0
DA:193,0
DA:197,0
DA:205,0
DA:206,0
DA:207,0
DA:211,0
DA:212,0
DA:215,0
DA:216,0
DA:221,0
DA:222,0
DA:226,0
DA:232,0
DA:236,0
DA:239,0
DA:243,0
DA:246,0
DA:247,0
DA:254,0
DA:256,0
DA:258,0
DA:261,0
DA:265,0
DA:267,0
DA:268,0
DA:272,0
DA:273,0
DA:274,0
DA:275,0
DA:279,0
DA:287,0
DA:289,0
DA:290,0
DA:294,0
DA:295,0
DA:296,0
DA:297,0
DA:301,0
DA:305,0
DA:307,0
DA:308,0
DA:311,0
DA:312,0
DA:313,0
DA:314,0
DA:315,0
DA:316,0
DA:319,0
DA:320,0
DA:321,0
DA:322,0
DA:323,0
DA:325,0
DA:326,0
DA:331,0
DA:335,0
DA:343,0
DA:344,0
DA:345,0
DA:346,0
DA:347,0
DA:348,0
DA:349,0
DA:350,0
DA:351,0
DA:352,0
DA:354,0
DA:360,0
DA:361,0
DA:362,0
DA:366,0
LF:107
LH:0
BRDA:125,0,0,0
BRDA:125,0,1,0
BRDA:130,1,0,0
BRDA:130,1,1,0
BRDA:133,2,0,0
BRDA:133,2,1,0
BRDA:137,3,0,0
BRDA:137,3,1,0
BRDA:140,4,0,0
BRDA:140,4,1,0
BRDA:147,5,0,0
BRDA:190,6,0,0
BRDA:192,7,0,0
BRDA:200,8,0,0
BRDA:200,8,1,0
BRDA:205,9,0,0
BRDA:205,10,0,0
BRDA:205,10,1,0
BRDA:207,11,0,0
BRDA:207,11,1,0
BRDA:211,12,0,0
BRDA:211,12,1,0
BRDA:215,13,0,0
BRDA:221,14,0,0
BRDA:229,15,0,0
BRDA:229,15,1,0
BRDA:256,16,0,0
BRDA:256,17,0,0
BRDA:256,17,1,0
BRDA:267,18,0,0
BRDA:267,19,0,0
BRDA:267,19,1,0
BRDA:274,20,0,0
BRDA:289,21,0,0
BRDA:289,22,0,0
BRDA:289,22,1,0
BRDA:296,23,0,0
BRDA:307,24,0,0
BRDA:307,25,0,0
BRDA:307,25,1,0
BRDA:311,26,0,0
BRDA:311,26,1,0
BRDA:311,27,0,0
BRDA:311,27,1,0
BRDA:315,28,0,0
BRDA:315,29,0,0
BRDA:315,29,1,0
BRDA:319,30,0,0
BRDA:319,31,0,0
BRDA:319,31,1,0
BRDA:322,32,0,0
BRDA:322,32,1,0
BRDA:325,33,0,0
BRDA:325,34,0,0
BRDA:325,34,1,0
BRDA:344,35,0,0
BRDA:345,36,0,0
BRDA:345,36,1,0
BRDA:345,37,0,0
BRDA:345,37,1,0
BRDA:347,38,0,0
BRDA:347,38,1,0
BRDA:347,39,0,0
BRDA:347,39,1,0
BRDA:347,39,2,0
BRDA:349,40,0,0
BRDA:349,40,1,0
BRDA:349,41,0,0
BRDA:349,41,1,0
BRDA:351,42,0,0
BRDA:351,42,1,0
BRDA:351,43,0,0
BRDA:351,43,1,0
BRDA:351,43,2,0
BRDA:361,44,0,0
BRF:75
BRH:0
end_of_record
TN:
SF:src/application/services/job-cleanup-service.ts
FN:26,(anonymous_0)
FN:31,(anonymous_1)
FN:35,(anonymous_2)
FN:48,(anonymous_3)
FN:181,(anonymous_4)
FN:185,(anonymous_5)
FN:203,(anonymous_6)
FN:206,(anonymous_7)
FN:232,(anonymous_8)
FN:246,(anonymous_9)
FN:317,(anonymous_10)
FN:326,(anonymous_11)
FN:331,(anonymous_12)
FN:338,(anonymous_13)
FNF:14
FNH:0
FNDA:0,(anonymous_0)
FNDA:0,(anonymous_1)
FNDA:0,(anonymous_2)
FNDA:0,(anonymous_3)
FNDA:0,(anonymous_4)
FNDA:0,(anonymous_5)
FNDA:0,(anonymous_6)
FNDA:0,(anonymous_7)
FNDA:0,(anonymous_8)
FNDA:0,(anonymous_9)
FNDA:0,(anonymous_10)
FNDA:0,(anonymous_11)
FNDA:0,(anonymous_12)
FNDA:0,(anonymous_13)
DA:4,0
DA:5,0
DA:22,0
DA:27,0
DA:28,0
DA:32,0
DA:33,0
DA:35,0
DA:43,0
DA:44,0
DA:49,0
DA:56,0
DA:57,0
DA:58,0
DA:60,0
DA:61,0
DA:62,0
DA:65,0
DA:67,0
DA:68,0
DA:69,0
DA:72,0
DA:73,0
DA:74,0
DA:77,0
DA:79,0
DA:80,0
DA:81,0
DA:98,0
DA:101,0
DA:102,0
DA:106,0
DA:107,0
DA:109,0
DA:110,0
DA:111,0
DA:112,0
DA:115,0
DA:116,0
DA:117,0
DA:118,0
DA:122,0
DA:123,0
DA:124,0
DA:125,0
DA:128,0
DA:131,0
DA:148,0
DA:150,0
DA:151,0
DA:152,0
DA:155,0
DA:156,0
DA:160,0
DA:161,0
DA:162,0
DA:166,0
DA:167,0
DA:170,0
DA:173,0
DA:174,0
DA:175,0
DA:178,0
DA:182,0
DA:184,0
DA:185,0
DA:186,0
DA:191,0
DA:192,0
DA:193,0
DA:196,0
DA:198,0
DA:199,0
DA:204,0
DA:206,0
DA:207,0
DA:208,0
DA:209,0
DA:211,0
DA:212,0
DA:215,0
DA:216,0
DA:219,0
DA:224,0
DA:227,0
DA:229,0
DA:233,0
DA:240,0
DA:241,0
DA:242,0
DA:245,0
DA:246,0
DA:247,0
DA:252,0
DA:253,0
DA:254,0
DA:257,0
DA:259,0
DA:260,0
DA:261,0
DA:263,0
DA:265,0
DA:271,0
DA:272,0
DA:289,0
DA:292,0
DA:296,0
DA:297,0
DA:298,0
DA:302,0
DA:303,0
DA:306,0
DA:309,0
DA:310,0
DA:311,0
DA:314,0
DA:323,0
DA:324,0
DA:325,0
DA:326,0
DA:329,0
DA:330,0
DA:331,0
DA:332,0
DA:337,0
DA:338,0
DA:339,0
DA:342,0
DA:343,0
DA:344,0
DA:351,0
DA:358,0
DA:359,0
LF:133
LH:0
BRDA:36,0,0,0
BRDA:36,0,1,0
BRDA:48,1,0,0
BRDA:60,2,0,0
BRDA:79,3,0,0
BRDA:101,4,0,0
BRDA:109,5,0,0
BRDA:115,6,0,0
BRDA:122,7,0,0
BRDA:122,7,1,0
BRDA:166,8,0,0
BRDA:186,9,0,0
BRDA:186,9,1,0
BRDA:186,9,2,0
BRDA:191,10,0,0
BRDA:203,11,0,0
BRDA:211,12,0,0
BRDA:215,13,0,0
BRDA:232,14,0,0
BRDA:232,15,0,0
BRDA:247,16,0,0
BRDA:247,16,1,0
BRDA:247,16,2,0
BRDA:252,17,0,0
BRDA:263,18,0,0
BRDA:263,18,1,0
BRDA:267,19,0,0
BRDA:267,19,1,0
BRDA:271,20,0,0
BRDA:302,21,0,0
BRDA:332,22,0,0
BRDA:332,22,1,0
BRDA:337,23,0,0
BRDA:339,24,0,0
BRDA:339,24,1,0
BRDA:339,25,0,0
BRDA:339,25,1,0
BRDA:339,25,2,0
BRDA:342,26,0,0
BRF:39
BRH:0
end_of_record
TN:
SF:src/application/services/job-question-service.ts
FN:157,(anonymous_0)
FN:160,(anonymous_1)
FN:166,(anonymous_2)
FN:168,(anonymous_3)
FN:173,(anonymous_4)
FN:174,(anonymous_5)
FN:177,(anonymous_6)
FN:199,(anonymous_7)
FN:251,(anonymous_8)
FN:324,(anonymous_9)
FN:349,(anonymous_10)
FN:359,(anonymous_11)
FN:377,(anonymous_12)
FN:407,(anonymous_13)
FN:407,(anonymous_14)
FN:414,(anonymous_15)
FN:450,(anonymous_16)
FN:454,(anonymous_17)
FNF:18
FNH:0
FNDA:0,(anonymous_0)
FNDA:0,(anonymous_1)
FNDA:0,(anonymous_2)
FNDA:0,(anonymous_3)
FNDA:0,(anonymous_4)
FNDA:0,(anonymous_5)
FNDA:0,(anonymous_6)
FNDA:0,(anonymous_7)
FNDA:0,(anonymous_8)
FNDA:0,(anonymous_9)
FNDA:0,(anonymous_10)
FNDA:0,(anonymous_11)
FNDA:0,(anonymous_12)
FNDA:0,(anonymous_13)
FNDA:0,(anonymous_14)
FNDA:0,(anonymous_15)
FNDA:0,(anonymous_16)
FNDA:0,(anonymous_17)
DA:2,0
DA:25,0
DA:26,0
DA:158,0
DA:159,0
DA:160,0
DA:163,0
DA:167,0
DA:168,0
DA:170,0
DA:174,0
DA:178,0
DA:179,0
DA:180,0
DA:183,0
DA:192,0
DA:193,0
DA:196,0
DA:200,0
DA:202,0
DA:203,0
DA:210,0
DA:211,0
DA:218,0
DA:219,0
DA:226,0
DA:227,0
DA:234,0
DA:235,0
DA:236,0
DA:237,0
DA:242,0
DA:243,0
DA:251,0
DA:252,0
DA:253,0
DA:261,0
DA:262,0
DA:263,0
DA:264,0
DA:270,0
DA:271,0
DA:279,0
DA:280,0
DA:281,0
DA:286,0
DA:287,0
DA:292,0
DA:293,0
DA:301,0
DA:302,0
DA:307,0
DA:308,0
DA:314,0
DA:316,0
DA:317,0
DA:325,0
DA:326,0
DA:327,0
DA:333,0
DA:334,0
DA:341,0
DA:342,0
DA:343,0
DA:344,0
DA:349,0
DA:350,0
DA:351,0
DA:352,0
DA:359,0
DA:360,0
DA:361,0
DA:367,0
DA:369,0
DA:370,0
DA:379,0
DA:406,0
DA:407,0
DA:411,0
DA:415,0
DA:417,0
DA:418,0
DA:420,0
DA:423,0
DA:425,0
DA:426,0
DA:429,0
DA:430,0
DA:431,0
DA:432,0
DA:433,0
DA:434,0
DA:435,0
DA:439,0
DA:440,0
DA:443,0
DA:444,0
DA:447,0
DA:451,0
DA:455,0
DA:456,0
DA:458,0
DA:459,0
DA:465,0
DA:466,0
DA:468,0
DA:469,0
DA:475,0
DA:480,0
LF:109
LH:0
BRDA:158,0,0,0
BRDA:174,1,0,0
BRDA:174,1,1,0
BRDA:179,2,0,0
BRDA:192,3,0,0
BRDA:202,4,0,0
BRDA:202,5,0,0
BRDA:202,5,1,0
BRDA:202,5,2,0
BRDA:210,6,0,0
BRDA:218,7,0,0
BRDA:226,8,0,0
BRDA:226,9,0,0
BRDA:226,9,1,0
BRDA:226,9,2,0
BRDA:234,10,0,0
BRDA:234,11,0,0
BRDA:234,11,1,0
BRDA:236,12,0,0
BRDA:236,13,0,0
BRDA:236,13,1,0
BRDA:242,14,0,0
BRDA:252,15,0,0
BRDA:261,16,0,0
BRDA:262,17,0,0
BRDA:262,18,0,0
BRDA:262,18,1,0
BRDA:263,19,0,0
BRDA:270,20,0,0
BRDA:270,21,0,0
BRDA:270,21,1,0
BRDA:279,22,0,0
BRDA:279,23,0,0
BRDA:279,23,1,0
BRDA:279,23,2,0
BRDA:280,24,0,0
BRDA:286,25,0,0
BRDA:286,26,0,0
BRDA:286,26,1,0
BRDA:292,27,0,0
BRDA:292,28,0,0
BRDA:292,28,1,0
BRDA:301,29,0,0
BRDA:307,30,0,0
BRDA:326,31,0,0
BRDA:333,32,0,0
BRDA:343,33,0,0
BRDA:351,34,0,0
BRDA:360,35,0,0
BRDA:417,36,0,0
BRDA:417,36,1,0
BRDA:425,37,0,0
BRDA:425,38,0,0
BRDA:425,38,1,0
BRDA:429,39,0,0
BRDA:430,40,0,0
BRDA:430,40,1,0
BRDA:430,41,0,0
BRDA:430,41,1,0
BRDA:432,42,0,0
BRDA:432,42,1,0
BRDA:434,43,0,0
BRDA:439,44,0,0
BRDA:439,45,0,0
BRDA:439,45,1,0
BRDA:439,45,2,0
BRDA:443,46,0,0
BRDA:458,47,0,0
BRDA:468,48,0,0
BRF:69
BRH:0
end_of_record
TN:
SF:src/application/services/job-service.ts
FN:44,(anonymous_1)
FN:130,(anonymous_2)
FN:156,(anonymous_3)
FN:225,(anonymous_4)
FN:271,(anonymous_5)
FN:324,(anonymous_6)
FN:355,(anonymous_7)
FN:383,(anonymous_8)
FN:399,(anonymous_9)
FN:450,(anonymous_10)
FNF:10
FNH:0
FNDA:0,(anonymous_1)
FNDA:0,(anonymous_2)
FNDA:0,(anonymous_3)
FNDA:0,(anonymous_4)
FNDA:0,(anonymous_5)
FNDA:0,(anonymous_6)
FNDA:0,(anonymous_7)
FNDA:0,(anonymous_8)
FNDA:0,(anonymous_9)
FNDA:0,(anonymous_10)
DA:4,0
DA:5,0
DA:6,0
DA:7,0
DA:30,0
DA:39,0
DA:40,0
DA:45,0
DA:46,0
DA:49,0
DA:50,0
DA:57,0
DA:60,0
DA:61,0
DA:62,0
DA:69,0
DA:70,0
DA:72,0
DA:73,0
DA:74,0
DA:81,0
DA:95,0
DA:98,0
DA:115,0
DA:117,0
DA:122,0
DA:123,0
DA:136,0
DA:137,0
DA:138,0
DA:139,0
DA:146,0
DA:147,0
DA:154,0
DA:155,0
DA:156,0
DA:157,0
DA:164,0
DA:168,0
DA:169,0
DA:170,0
DA:171,0
DA:172,0
DA:177,0
DA:178,0
DA:181,0
DA:182,0
DA:183,0
DA:190,0
DA:210,0
DA:212,0
DA:217,0
DA:218,0
DA:230,0
DA:231,0
DA:232,0
DA:233,0
DA:240,0
DA:256,0
DA:258,0
DA:263,0
DA:264,0
DA:276,0
DA:277,0
DA:278,0
DA:279,0
DA:285,0
DA:286,0
DA:287,0
DA:294,0
DA:310,0
DA:312,0
DA:316,0
DA:317,0
DA:330,0
DA:331,0
DA:334,0
DA:348,0
DA:350,0
DA:351,0
DA:356,0
DA:357,0
DA:358,0
DA:359,0
DA:363,0
DA:376,0
DA:378,0
DA:379,0
DA:391,0
DA:392,0
DA:394,0
DA:395,0
DA:400,0
DA:401,0
DA:403,0
DA:404,0
DA:411,0
DA:412,0
DA:419,0
DA:420,0
DA:427,0
DA:428,0
DA:429,0
DA:430,0
DA:439,0
DA:440,0
DA:441,0
DA:450,0
DA:451,0
DA:452,0
DA:453,0
DA:459,0
DA:461,0
DA:462,0
LF:114
LH:0
BRDA:49,0,0,0
BRDA:61,1,0,0
BRDA:69,2,0,0
BRDA:69,2,1,0
BRDA:73,3,0,0
BRDA:138,4,0,0
BRDA:138,5,0,0
BRDA:138,5,1,0
BRDA:146,6,0,0
BRDA:146,7,0,0
BRDA:146,7,1,0
BRDA:154,8,0,0
BRDA:154,9,0,0
BRDA:154,9,1,0
BRDA:156,10,0,0
BRDA:168,11,0,0
BRDA:171,12,0,0
BRDA:182,13,0,0
BRDA:232,14,0,0
BRDA:278,15,0,0
BRDA:278,16,0,0
BRDA:278,16,1,0
BRDA:286,17,0,0
BRDA:299,18,0,0
BRDA:299,18,1,0
BRDA:327,19,0,0
BRDA:358,20,0,0
BRDA:358,21,0,0
BRDA:358,21,1,0
BRDA:403,22,0,0
BRDA:403,23,0,0
BRDA:403,23,1,0
BRDA:403,23,2,0
BRDA:411,24,0,0
BRDA:419,25,0,0
BRDA:419,26,0,0
BRDA:419,26,1,0
BRDA:419,26,2,0
BRDA:427,27,0,0
BRDA:428,28,0,0
BRDA:428,29,0,0
BRDA:428,29,1,0
BRDA:429,30,0,0
BRDA:439,31,0,0
BRDA:439,32,0,0
BRDA:439,32,1,0
BRDA:439,32,2,0
BRDA:440,33,0,0
BRDA:452,34,0,0
BRF:49
BRH:0
end_of_record
TN:
SF:src/application/services/metrics-service.ts
FN:78,(anonymous_0)
FN:88,(anonymous_1)
FN:92,(anonymous_2)
FN:164,(anonymous_3)
FN:180,(anonymous_4)
FN:199,(anonymous_5)
FN:211,(anonymous_6)
FN:231,(anonymous_7)
FN:240,(anonymous_8)
FN:250,(anonymous_9)
FN:253,(anonymous_10)
FN:254,(anonymous_11)
FN:258,(anonymous_12)
FN:259,(anonymous_13)
FN:262,(anonymous_14)
FN:267,(anonymous_15)
FN:268,(anonymous_16)
FN:272,(anonymous_17)
FN:282,(anonymous_18)
FN:285,(anonymous_19)
FN:286,(anonymous_20)
FN:287,(anonymous_21)
FN:293,(anonymous_22)
FN:297,(anonymous_23)
FN:316,(anonymous_24)
FN:333,(anonymous_25)
FNF:26
FNH:0
FNDA:0,(anonymous_0)
FNDA:0,(anonymous_1)
FNDA:0,(anonymous_2)
FNDA:0,(anonymous_3)
FNDA:0,(anonymous_4)
FNDA:0,(anonymous_5)
FNDA:0,(anonymous_6)
FNDA:0,(anonymous_7)
FNDA:0,(anonymous_8)
FNDA:0,(anonymous_9)
FNDA:0,(anonymous_10)
FNDA:0,(anonymous_11)
FNDA:0,(anonymous_12)
FNDA:0,(anonymous_13)
FNDA:0,(anonymous_14)
FNDA:0,(anonymous_15)
FNDA:0,(anonymous_16)
FNDA:0,(anonymous_17)
FNDA:0,(anonymous_18)
FNDA:0,(anonymous_19)
FNDA:0,(anonymous_20)
FNDA:0,(anonymous_21)
FNDA:0,(anonymous_22)
FNDA:0,(anonymous_23)
FNDA:0,(anonymous_24)
FNDA:0,(anonymous_25)
DA:2,0
DA:3,0
DA:4,0
DA:5,0
DA:6,0
DA:7,0
DA:8,0
DA:10,0
DA:69,0
DA:79,0
DA:80,0
DA:81,0
DA:82,0
DA:83,0
DA:84,0
DA:85,0
DA:89,0
DA:93,0
DA:94,0
DA:97,0
DA:98,0
DA:112,0
DA:126,0
DA:127,0
DA:128,0
DA:129,0
DA:131,0
DA:159,0
DA:160,0
DA:165,0
DA:166,0
DA:168,0
DA:169,0
DA:171,0
DA:175,0
DA:176,0
DA:182,0
DA:188,0
DA:189,0
DA:192,0
DA:195,0
DA:198,0
DA:199,0
DA:202,0
DA:205,0
DA:210,0
DA:211,0
DA:214,0
DA:215,0
DA:218,0
DA:233,0
DA:240,0
DA:241,0
DA:242,0
DA:244,0
DA:245,0
DA:249,0
DA:250,0
DA:253,0
DA:254,0
DA:255,0
DA:257,0
DA:258,0
DA:259,0
DA:261,0
DA:262,0
DA:266,0
DA:267,0
DA:268,0
DA:270,0
DA:272,0
DA:283,0
DA:285,0
DA:286,0
DA:287,0
DA:288,0
DA:290,0
DA:293,0
DA:296,0
DA:297,0
DA:298,0
DA:299,0
DA:302,0
DA:305,0
DA:317,0
DA:318,0
DA:319,0
DA:320,0
DA:322,0
DA:323,0
DA:324,0
DA:325,0
DA:326,0
DA:327,0
DA:329,0
DA:334,0
DA:336,0
DA:337,0
DA:338,0
DA:340,0
LF:100
LH:0
BRDA:166,0,0,0
BRDA:166,0,1,0
BRDA:168,1,0,0
BRDA:168,1,1,0
BRDA:188,2,0,0
BRDA:210,3,0,0
BRDA:210,3,1,0
BRDA:214,4,0,0
BRDA:255,5,0,0
BRDA:255,5,1,0
BRDA:261,6,0,0
BRDA:261,6,1,0
BRDA:290,7,0,0
BRDA:290,7,1,0
BRDA:293,8,0,0
BRDA:293,8,1,0
BRDA:296,9,0,0
BRDA:322,10,0,0
BRDA:322,10,1,0
BRDA:324,11,0,0
BRDA:324,11,1,0
BRDA:326,12,0,0
BRDA:326,12,1,0
BRDA:334,13,0,0
BRF:24
BRH:0
end_of_record
TN:
SF:src/application/services/permission-service.ts
FN:17,(anonymous_0)
FN:21,(anonymous_1)
FN:41,(anonymous_2)
FN:51,(anonymous_3)
FN:68,(anonymous_4)
FN:83,(anonymous_5)
FN:92,(anonymous_6)
FN:97,(anonymous_7)
FN:102,(anonymous_8)
FN:120,(anonymous_9)
FN:138,(anonymous_10)
FNF:11
FNH:4
FNDA:14,(anonymous_0)
FNDA:11,(anonymous_1)
FNDA:7,(anonymous_2)
FNDA:5,(anonymous_3)
FNDA:0,(anonymous_4)
FNDA:0,(anonymous_5)
FNDA:0,(anonymous_6)
FNDA:0,(anonymous_7)
FNDA:0,(anonymous_8)
FNDA:0,(anonymous_9)
FNDA:0,(anonymous_10)
DA:3,1
DA:14,1
DA:18,14
DA:25,11
DA:27,11
DA:28,3
DA:29,3
DA:32,8
DA:35,8
DA:36,1
DA:37,1
DA:41,7
DA:42,7
DA:44,7
DA:45,2
DA:46,2
DA:50,5
DA:51,5
DA:52,5
DA:55,5
DA:56,2
DA:57,2
DA:60,3
DA:61,3
DA:63,0
DA:64,0
DA:69,0
DA:71,0
DA:72,0
DA:75,0
DA:78,0
DA:79,0
DA:83,0
DA:84,0
DA:87,0
DA:88,0
DA:94,0
DA:99,0
DA:103,0
DA:106,0
DA:113,0
DA:115,0
DA:116,0
DA:121,0
DA:124,0
DA:131,0
DA:133,0
DA:134,0
DA:143,0
DA:144,0
DA:153,0
LF:51
LH:24
BRDA:27,0,0,3
BRDA:35,1,0,1
BRDA:44,2,0,2
BRDA:55,3,0,2
BRDA:71,4,0,0
BRDA:78,5,0,0
BRDA:94,6,0,0
BRDA:94,6,1,0
BRDA:99,7,0,0
BRDA:99,7,1,0
BRDA:113,8,0,0
BRDA:113,8,1,0
BRDA:131,9,0,0
BRDA:131,9,1,0
BRDA:155,10,0,0
BRDA:155,10,1,0
BRF:16
BRH:4
end_of_record
TN:
SF:src/application/services/reminder-service.ts
FN:18,(anonymous_0)
FN:24,(anonymous_1)
FN:30,(anonymous_2)
FN:94,(anonymous_3)
FN:98,(anonymous_4)
FN:125,(anonymous_5)
FN:129,(anonymous_6)
FN:133,(anonymous_7)
FN:137,(anonymous_8)
FN:162,(anonymous_9)
FN:178,(anonymous_10)
FN:191,(anonymous_11)
FN:200,(anonymous_12)
FN:286,(anonymous_13)
FN:295,(anonymous_14)
FNF:15
FNH:0
FNDA:0,(anonymous_0)
FNDA:0,(anonymous_1)
FNDA:0,(anonymous_2)
FNDA:0,(anonymous_3)
FNDA:0,(anonymous_4)
FNDA:0,(anonymous_5)
FNDA:0,(anonymous_6)
FNDA:0,(anonymous_7)
FNDA:0,(anonymous_8)
FNDA:0,(anonymous_9)
FNDA:0,(anonymous_10)
FNDA:0,(anonymous_11)
FNDA:0,(anonymous_12)
FNDA:0,(anonymous_13)
FNDA:0,(anonymous_14)
DA:1,0
DA:11,0
DA:14,0
DA:15,0
DA:16,0
DA:19,0
DA:20,0
DA:21,0
DA:25,0
DA:27,0
DA:31,0
DA:38,0
DA:39,0
DA:40,0
DA:44,0
DA:45,0
DA:46,0
DA:50,0
DA:51,0
DA:52,0
DA:56,0
DA:57,0
DA:59,0
DA:63,0
DA:64,0
DA:69,0
DA:80,0
DA:83,0
DA:85,0
DA:91,0
DA:95,0
DA:99,0
DA:102,0
DA:103,0
DA:104,0
DA:107,0
DA:108,0
DA:111,0
DA:112,0
DA:116,0
DA:119,0
DA:121,0
DA:122,0
DA:126,0
DA:130,0
DA:134,0
DA:138,0
DA:139,0
DA:141,0
DA:142,0
DA:145,0
DA:146,0
DA:150,0
DA:151,0
DA:152,0
DA:156,0
DA:158,0
DA:163,0
DA:164,0
DA:166,0
DA:168,0
DA:169,0
DA:172,0
DA:175,0
DA:178,0
DA:179,0
DA:182,0
DA:184,0
DA:192,0
DA:193,0
DA:194,0
DA:195,0
DA:196,0
DA:201,0
DA:202,0
DA:208,0
DA:209,0
DA:210,0
DA:213,0
DA:214,0
DA:215,0
DA:216,0
DA:217,0
DA:221,0
DA:222,0
DA:223,0
DA:224,0
DA:225,0
DA:226,0
DA:229,0
DA:236,0
DA:247,0
DA:249,0
DA:253,0
DA:259,0
DA:262,0
DA:269,0
DA:272,0
DA:275,0
DA:282,0
DA:287,0
DA:289,0
DA:291,0
DA:292,0
DA:299,0
LF:105
LH:0
BRDA:39,0,0,0
BRDA:45,1,0,0
BRDA:51,2,0,0
BRDA:57,3,0,0
BRDA:57,4,0,0
BRDA:57,4,1,0
BRDA:63,5,0,0
BRDA:63,6,0,0
BRDA:63,6,1,0
BRDA:94,7,0,0
BRDA:103,8,0,0
BRDA:107,9,0,0
BRDA:111,10,0,0
BRDA:151,11,0,0
BRDA:166,12,0,0
BRDA:193,13,0,0
BRDA:208,14,0,0
BRDA:214,15,0,0
BRDA:222,16,0,0
BRDA:225,17,0,0
BRDA:225,18,0,0
BRDA:225,18,1,0
BRDA:247,19,0,0
BRDA:247,19,1,0
BRDA:286,20,0,0
BRF:25
BRH:0
end_of_record
TN:
SF:src/application/services/repair-service.ts
FN:35,(anonymous_0)
FN:43,(anonymous_1)
FN:68,(anonymous_2)
FN:87,(anonymous_3)
FN:88,(anonymous_4)
FN:96,(anonymous_5)
FN:124,(anonymous_6)
FN:145,(anonymous_7)
FN:162,(anonymous_8)
FN:190,(anonymous_9)
FN:262,(anonymous_10)
FN:280,(anonymous_11)
FN:330,(anonymous_12)
FN:367,(anonymous_13)
FN:367,(anonymous_14)
FN:397,(anonymous_15)
FN:428,(anonymous_16)
FN:450,(anonymous_17)
FN:471,(anonymous_18)
FN:501,(anonymous_19)
FN:552,(anonymous_20)
FN:568,(anonymous_21)
FNF:22
FNH:0
FNDA:0,(anonymous_0)
FNDA:0,(anonymous_1)
FNDA:0,(anonymous_2)
FNDA:0,(anonymous_3)
FNDA:0,(anonymous_4)
FNDA:0,(anonymous_5)
FNDA:0,(anonymous_6)
FNDA:0,(anonymous_7)
FNDA:0,(anonymous_8)
FNDA:0,(anonymous_9)
FNDA:0,(anonymous_10)
FNDA:0,(anonymous_11)
FNDA:0,(anonymous_12)
FNDA:0,(anonymous_13)
FNDA:0,(anonymous_14)
FNDA:0,(anonymous_15)
FNDA:0,(anonymous_16)
FNDA:0,(anonymous_17)
FNDA:0,(anonymous_18)
FNDA:0,(anonymous_19)
FNDA:0,(anonymous_20)
FNDA:0,(anonymous_21)
DA:2,0
DA:3,0
DA:4,0
DA:5,0
DA:6,0
DA:7,0
DA:8,0
DA:28,0
DA:36,0
DA:37,0
DA:38,0
DA:39,0
DA:40,0
DA:44,0
DA:45,0
DA:47,0
DA:48,0
DA:51,0
DA:54,0
DA:57,0
DA:58,0
DA:59,0
DA:60,0
DA:61,0
DA:62,0
DA:64,0
DA:68,0
DA:69,0
DA:72,0
DA:73,0
DA:74,0
DA:77,0
DA:78,0
DA:79,0
DA:80,0
DA:86,0
DA:87,0
DA:88,0
DA:89,0
DA:93,0
DA:94,0
DA:95,0
DA:96,0
DA:97,0
DA:98,0
DA:99,0
DA:100,0
DA:106,0
DA:114,0
DA:115,0
DA:125,0
DA:126,0
DA:128,0
DA:129,0
DA:132,0
DA:135,0
DA:137,0
DA:138,0
DA:139,0
DA:140,0
DA:141,0
DA:145,0
DA:148,0
DA:149,0
DA:150,0
DA:152,0
DA:153,0
DA:154,0
DA:155,0
DA:161,0
DA:162,0
DA:163,0
DA:164,0
DA:165,0
DA:166,0
DA:172,0
DA:180,0
DA:181,0
DA:191,0
DA:192,0
DA:194,0
DA:195,0
DA:197,0
DA:198,0
DA:205,0
DA:211,0
DA:212,0
DA:213,0
DA:215,0
DA:216,0
DA:217,0
DA:218,0
DA:222,0
DA:228,0
DA:229,0
DA:230,0
DA:232,0
DA:233,0
DA:234,0
DA:235,0
DA:239,0
DA:244,0
DA:252,0
DA:253,0
DA:263,0
DA:264,0
DA:266,0
DA:267,0
DA:269,0
DA:272,0
DA:273,0
DA:274,0
DA:275,0
DA:276,0
DA:277,0
DA:278,0
DA:279,0
DA:280,0
DA:281,0
DA:282,0
DA:283,0
DA:290,0
DA:291,0
DA:292,0
DA:293,0
DA:294,0
DA:295,0
DA:301,0
DA:302,0
DA:303,0
DA:304,0
DA:305,0
DA:306,0
DA:307,0
DA:312,0
DA:320,0
DA:321,0
DA:331,0
DA:332,0
DA:334,0
DA:335,0
DA:337,0
DA:340,0
DA:341,0
DA:342,0
DA:343,0
DA:344,0
DA:345,0
DA:346,0
DA:352,0
DA:353,0
DA:354,0
DA:355,0
DA:356,0
DA:357,0
DA:358,0
DA:359,0
DA:366,0
DA:367,0
DA:369,0
DA:370,0
DA:371,0
DA:372,0
DA:373,0
DA:374,0
DA:379,0
DA:387,0
DA:388,0
DA:398,0
DA:399,0
DA:401,0
DA:402,0
DA:405,0
DA:406,0
DA:407,0
DA:408,0
DA:410,0
DA:418,0
DA:419,0
DA:429,0
DA:430,0
DA:431,0
DA:433,0
DA:434,0
DA:437,0
DA:438,0
DA:439,0
DA:440,0
DA:441,0
DA:442,0
DA:445,0
DA:446,0
DA:447,0
DA:450,0
DA:451,0
DA:453,0
DA:461,0
DA:462,0
DA:472,0
DA:473,0
DA:480,0
DA:482,0
DA:483,0
DA:484,0
DA:486,0
DA:490,0
DA:491,0
DA:492,0
DA:501,0
DA:502,0
DA:505,0
DA:506,0
DA:508,0
DA:511,0
DA:515,0
DA:516,0
DA:517,0
DA:518,0
DA:520,0
DA:521,0
DA:522,0
DA:523,0
DA:524,0
DA:525,0
DA:528,0
DA:531,0
DA:532,0
DA:534,0
DA:537,0
DA:541,0
DA:542,0
DA:543,0
DA:544,0
DA:552,0
DA:553,0
DA:556,0
DA:557,0
DA:559,0
DA:562,0
DA:565,0
DA:568,0
DA:570,0
DA:577,0
DA:578,0
LF:244
LH:0
BRDA:43,0,0,0
BRDA:59,1,0,0
BRDA:61,2,0,0
BRDA:61,3,0,0
BRDA:61,3,1,0
BRDA:69,4,0,0
BRDA:69,4,1,0
BRDA:72,5,0,0
BRDA:77,6,0,0
BRDA:79,7,0,0
BRDA:89,8,0,0
BRDA:89,8,1,0
BRDA:97,9,0,0
BRDA:99,10,0,0
BRDA:108,11,0,0
BRDA:108,11,1,0
BRDA:119,12,0,0
BRDA:119,12,1,0
BRDA:124,13,0,0
BRDA:139,14,0,0
BRDA:150,15,0,0
BRDA:152,16,0,0
BRDA:154,17,0,0
BRDA:163,18,0,0
BRDA:165,19,0,0
BRDA:174,20,0,0
BRDA:174,20,1,0
BRDA:185,21,0,0
BRDA:185,21,1,0
BRDA:190,22,0,0
BRDA:213,23,0,0
BRDA:213,23,1,0
BRDA:215,24,0,0
BRDA:217,25,0,0
BRDA:220,26,0,0
BRDA:220,26,1,0
BRDA:230,27,0,0
BRDA:230,27,1,0
BRDA:232,28,0,0
BRDA:234,29,0,0
BRDA:246,30,0,0
BRDA:246,30,1,0
BRDA:257,31,0,0
BRDA:257,31,1,0
BRDA:262,32,0,0
BRDA:277,33,0,0
BRDA:279,34,0,0
BRDA:292,35,0,0
BRDA:294,36,0,0
BRDA:304,37,0,0
BRDA:306,38,0,0
BRDA:314,39,0,0
BRDA:314,39,1,0
BRDA:325,40,0,0
BRDA:325,40,1,0
BRDA:330,41,0,0
BRDA:343,42,0,0
BRDA:345,43,0,0
BRDA:345,44,0,0
BRDA:345,44,1,0
BRDA:354,45,0,0
BRDA:356,46,0,0
BRDA:358,47,0,0
BRDA:358,48,0,0
BRDA:358,48,1,0
BRDA:371,49,0,0
BRDA:373,50,0,0
BRDA:373,51,0,0
BRDA:373,51,1,0
BRDA:381,52,0,0
BRDA:381,52,1,0
BRDA:392,53,0,0
BRDA:392,53,1,0
BRDA:397,54,0,0
BRDA:412,55,0,0
BRDA:412,55,1,0
BRDA:423,56,0,0
BRDA:423,56,1,0
BRDA:428,57,0,0
BRDA:455,58,0,0
BRDA:455,58,1,0
BRDA:466,59,0,0
BRDA:466,59,1,0
BRDA:502,60,0,0
BRDA:502,60,1,0
BRDA:505,61,0,0
BRDA:505,61,1,0
BRDA:523,62,0,0
BRDA:528,63,0,0
BRDA:531,64,0,0
BRDA:531,64,1,0
BRDA:543,65,0,0
BRDA:543,65,1,0
BRDA:556,66,0,0
BRDA:556,66,1,0
BRF:95
BRH:0
end_of_record
TN:
SF:src/application/services/retainer-service.ts
FN:15,(anonymous_0)
FN:21,(anonymous_1)
FN:59,(anonymous_2)
FN:109,(anonymous_3)
FN:140,(anonymous_4)
FN:144,(anonymous_5)
FN:148,(anonymous_6)
FN:152,(anonymous_7)
FN:161,(anonymous_8)
FN:185,(anonymous_9)
FN:190,(anonymous_10)
FN:195,(anonymous_11)
FNF:12
FNH:0
FNDA:0,(anonymous_0)
FNDA:0,(anonymous_1)
FNDA:0,(anonymous_2)
FNDA:0,(anonymous_3)
FNDA:0,(anonymous_4)
FNDA:0,(anonymous_5)
FNDA:0,(anonymous_6)
FNDA:0,(anonymous_7)
FNDA:0,(anonymous_8)
FNDA:0,(anonymous_9)
FNDA:0,(anonymous_10)
FNDA:0,(anonymous_11)
DA:1,0
DA:12,0
DA:14,0
DA:16,0
DA:17,0
DA:18,0
DA:22,0
DA:29,0
DA:30,0
DA:31,0
DA:35,0
DA:36,0
DA:37,0
DA:40,0
DA:48,0
DA:50,0
DA:56,0
DA:60,0
DA:65,0
DA:66,0
DA:67,0
DA:70,0
DA:71,0
DA:75,0
DA:76,0
DA:77,0
DA:78,0
DA:84,0
DA:90,0
DA:97,0
DA:98,0
DA:101,0
DA:106,0
DA:110,0
DA:115,0
DA:116,0
DA:117,0
DA:120,0
DA:121,0
DA:124,0
DA:128,0
DA:129,0
DA:132,0
DA:137,0
DA:141,0
DA:145,0
DA:149,0
DA:158,0
DA:162,0
DA:163,0
DA:166,0
DA:167,0
DA:170,0
DA:176,0
DA:186,0
DA:187,0
DA:191,0
DA:192,0
DA:196,0
DA:197,0
LF:60
LH:0
BRDA:30,0,0,0
BRDA:36,1,0,0
BRDA:66,2,0,0
BRDA:70,3,0,0
BRDA:77,4,0,0
BRDA:86,5,0,0
BRDA:86,5,1,0
BRDA:97,6,0,0
BRDA:116,7,0,0
BRDA:120,8,0,0
BRDA:128,9,0,0
BRDA:148,10,0,0
BRDA:162,11,0,0
BRDA:166,12,0,0
BRDA:166,13,0,0
BRDA:166,13,1,0
BRDA:172,14,0,0
BRDA:172,14,1,0
BRDA:192,15,0,0
BRDA:192,15,1,0
BRDA:197,16,0,0
BRDA:197,16,1,0
BRF:22
BRH:0
end_of_record
TN:
SF:src/application/services/role-tracking-service.ts
FN:43,(anonymous_0)
FN:51,(anonymous_1)
FN:52,(anonymous_2)
FN:66,(anonymous_3)
FN:67,(anonymous_4)
FN:68,(anonymous_5)
FN:119,(anonymous_6)
FN:182,(anonymous_7)
FN:215,(anonymous_8)
FN:262,(anonymous_9)
FN:309,(anonymous_10)
FN:310,(anonymous_11)
FN:316,(anonymous_12)
FN:328,(anonymous_13)
FN:336,(anonymous_14)
FN:343,(anonymous_15)
FN:344,(anonymous_16)
FN:351,(anonymous_17)
FN:386,(anonymous_18)
FN:392,(anonymous_19)
FN:399,(anonymous_20)
FNF:21
FNH:0
FNDA:0,(anonymous_0)
FNDA:0,(anonymous_1)
FNDA:0,(anonymous_2)
FNDA:0,(anonymous_3)
FNDA:0,(anonymous_4)
FNDA:0,(anonymous_5)
FNDA:0,(anonymous_6)
FNDA:0,(anonymous_7)
FNDA:0,(anonymous_8)
FNDA:0,(anonymous_9)
FNDA:0,(anonymous_10)
FNDA:0,(anonymous_11)
FNDA:0,(anonymous_12)
FNDA:0,(anonymous_13)
FNDA:0,(anonymous_14)
FNDA:0,(anonymous_15)
FNDA:0,(anonymous_16)
FNDA:0,(anonymous_17)
FNDA:0,(anonymous_18)
FNDA:0,(anonymous_19)
FNDA:0,(anonymous_20)
DA:1,0
DA:2,0
DA:3,0
DA:5,0
DA:6,0
DA:7,0
DA:19,0
DA:24,0
DA:34,0
DA:44,0
DA:45,0
DA:52,0
DA:53,0
DA:54,0
DA:56,0
DA:60,0
DA:67,0
DA:68,0
DA:71,0
DA:72,0
DA:75,0
DA:76,0
DA:79,0
DA:80,0
DA:83,0
DA:91,0
DA:93,0
DA:94,0
DA:96,0
DA:97,0
DA:99,0
DA:100,0
DA:102,0
DA:104,0
DA:105,0
DA:107,0
DA:110,0
DA:111,0
DA:120,0
DA:122,0
DA:124,0
DA:125,0
DA:126,0
DA:127,0
DA:130,0
DA:132,0
DA:138,0
DA:141,0
DA:160,0
DA:161,0
DA:165,0
DA:175,0
DA:183,0
DA:184,0
DA:186,0
DA:188,0
DA:190,0
DA:191,0
DA:193,0
DA:198,0
DA:208,0
DA:216,0
DA:217,0
DA:219,0
DA:220,0
DA:221,0
DA:223,0
DA:224,0
DA:233,0
DA:240,0
DA:244,0
DA:255,0
DA:263,0
DA:264,0
DA:266,0
DA:267,0
DA:268,0
DA:270,0
DA:271,0
DA:280,0
DA:287,0
DA:291,0
DA:302,0
DA:310,0
DA:317,0
DA:318,0
DA:319,0
DA:322,0
DA:329,0
DA:330,0
DA:337,0
DA:344,0
DA:345,0
DA:352,0
DA:353,0
DA:360,0
DA:361,0
DA:363,0
DA:377,0
DA:379,0
DA:387,0
DA:388,0
DA:391,0
DA:392,0
DA:395,0
DA:396,0
DA:398,0
DA:399,0
DA:400,0
DA:402,0
DA:403,0
DA:408,0
DA:411,0
DA:412,0
DA:413,0
DA:414,0
DA:415,0
DA:416,0
DA:422,0
DA:423,0
DA:425,0
DA:429,0
DA:438,0
DA:442,0
DA:444,0
LF:125
LH:0
BRDA:71,0,0,0
BRDA:71,1,0,0
BRDA:71,1,1,0
BRDA:91,2,0,0
BRDA:91,2,1,0
BRDA:91,3,0,0
BRDA:91,3,1,0
BRDA:94,4,0,0
BRDA:94,4,1,0
BRDA:94,5,0,0
BRDA:94,5,1,0
BRDA:97,6,0,0
BRDA:97,7,0,0
BRDA:97,7,1,0
BRDA:102,8,0,0
BRDA:102,8,1,0
BRDA:105,9,0,0
BRDA:105,9,1,0
BRDA:110,10,0,0
BRDA:125,11,0,0
BRDA:130,12,0,0
BRDA:130,12,1,0
BRDA:186,13,0,0
BRDA:190,14,0,0
BRDA:190,14,1,0
BRDA:219,15,0,0
BRDA:223,16,0,0
BRDA:223,17,0,0
BRDA:223,17,1,0
BRDA:266,18,0,0
BRDA:270,19,0,0
BRDA:270,20,0,0
BRDA:270,20,1,0
BRDA:318,21,0,0
BRDA:330,22,0,0
BRDA:330,22,1,0
BRDA:337,23,0,0
BRDA:337,23,1,0
BRDA:360,24,0,0
BRDA:360,24,1,0
BRDA:361,25,0,0
BRDA:361,25,1,0
BRDA:366,26,0,0
BRDA:366,26,1,0
BRDA:369,27,0,0
BRDA:369,27,1,0
BRDA:370,28,0,0
BRDA:370,28,1,0
BRDA:372,29,0,0
BRDA:372,29,1,0
BRDA:402,30,0,0
BRDA:412,31,0,0
BRDA:414,32,0,0
BRDA:423,33,0,0
BRDA:423,34,0,0
BRDA:423,34,1,0
BRF:56
BRH:0
end_of_record
TN:
SF:src/application/services/staff-service.ts
FN:42,(anonymous_0)
FN:50,(anonymous_1)
FN:87,(anonymous_2)
FN:185,(anonymous_3)
FN:263,(anonymous_4)
FN:331,(anonymous_5)
FN:382,(anonymous_6)
FN:407,(anonymous_7)
FN:440,(anonymous_8)
FN:449,(anonymous_9)
FNF:10
FNH:6
FNDA:14,(anonymous_0)
FNDA:33,(anonymous_1)
FNDA:33,(anonymous_2)
FNDA:2,(anonymous_3)
FNDA:0,(anonymous_4)
FNDA:0,(anonymous_5)
FNDA:3,(anonymous_6)
FNDA:3,(anonymous_7)
FNDA:0,(anonymous_8)
FNDA:0,(anonymous_9)
DA:4,1
DA:5,1
DA:6,1
DA:38,1
DA:46,14
DA:47,14
DA:51,33
DA:54,33
DA:56,33
DA:57,0
DA:65,33
DA:66,0
DA:73,33
DA:78,0
DA:79,0
DA:88,33
DA:89,33
DA:92,33
DA:93,33
DA:94,0
DA:101,33
DA:102,33
DA:103,0
DA:110,33
DA:111,33
DA:112,0
DA:119,33
DA:120,33
DA:121,10
DA:122,10
DA:129,23
DA:149,23
DA:152,23
DA:170,23
DA:172,23
DA:177,0
DA:178,0
DA:186,2
DA:187,2
DA:190,2
DA:191,2
DA:192,0
DA:198,2
DA:201,2
DA:202,0
DA:209,2
DA:210,2
DA:211,0
DA:212,0
DA:219,2
DA:227,2
DA:228,0
DA:235,2
DA:248,2
DA:250,2
DA:255,0
DA:256,0
DA:264,0
DA:265,0
DA:268,0
DA:269,0
DA:270,0
DA:276,0
DA:279,0
DA:280,0
DA:287,0
DA:295,0
DA:296,0
DA:303,0
DA:316,0
DA:318,0
DA:323,0
DA:324,0
DA:332,0
DA:333,0
DA:336,0
DA:337,0
DA:338,0
DA:348,0
DA:367,0
DA:369,0
DA:374,0
DA:375,0
DA:383,3
DA:384,3
DA:387,3
DA:400,3
DA:402,0
DA:403,0
DA:414,3
DA:415,3
DA:418,3
DA:433,3
DA:435,0
DA:436,0
DA:441,0
DA:442,0
DA:444,0
DA:445,0
DA:450,0
DA:451,0
DA:453,0
DA:454,0
LF:103
LH:49
BRDA:56,0,0,0
BRDA:65,1,0,0
BRDA:65,2,0,33
BRDA:65,2,1,33
BRDA:93,3,0,0
BRDA:102,4,0,0
BRDA:102,5,0,33
BRDA:102,5,1,0
BRDA:111,6,0,0
BRDA:120,7,0,10
BRDA:191,8,0,0
BRDA:191,9,0,2
BRDA:191,9,1,2
BRDA:201,10,0,0
BRDA:210,11,0,0
BRDA:227,12,0,0
BRDA:269,13,0,0
BRDA:269,14,0,0
BRDA:269,14,1,0
BRDA:279,15,0,0
BRDA:295,16,0,0
BRDA:337,17,0,0
BRDA:337,18,0,0
BRDA:337,18,1,0
BRDA:411,19,0,3
BRDA:412,20,0,3
BRF:26
BRH:8
end_of_record
TN:
SF:src/config/server-setup.config.ts
FNF:0
FNH:0
DA:7,0
DA:11,0
DA:21,0
DA:31,0
DA:36,0
DA:41,0
DA:50,0
DA:61,0
DA:71,0
DA:138,0
DA:296,0
DA:314,0
DA:329,0
LF:13
LH:0
BRF:0
BRH:0
end_of_record
TN:
SF:src/domain/entities/audit-log.ts
FN:4,(anonymous_0)
FNF:1
FNH:1
FNDA:1,(anonymous_0)
DA:4,1
DA:5,1
DA:6,1
DA:7,1
DA:8,1
DA:9,1
DA:10,1
DA:11,1
DA:12,1
DA:13,1
DA:14,1
DA:15,1
DA:16,1
DA:17,1
LF:14
LH:14
BRDA:4,0,0,1
BRDA:4,0,1,1
BRF:2
BRH:2
end_of_record
TN:
SF:src/domain/entities/case.ts
FN:23,(anonymous_0)
FN:30,(anonymous_1)
FN:37,(anonymous_2)
FN:100,generateCaseNumber
FN:106,parseCaseNumber
FN:118,generateChannelName
FNF:6
FNH:4
FNDA:1,(anonymous_0)
FNDA:1,(anonymous_1)
FNDA:1,(anonymous_2)
FNDA:8,generateCaseNumber
FNDA:0,parseCaseNumber
FNDA:0,generateChannelName
DA:23,1
DA:24,1
DA:25,1
DA:26,1
DA:27,1
DA:30,1
DA:31,1
DA:32,1
DA:33,1
DA:34,1
DA:37,1
DA:38,1
DA:39,1
DA:40,1
DA:41,1
DA:42,1
DA:100,1
DA:101,8
DA:102,8
DA:106,1
DA:107,0
DA:108,0
DA:110,0
DA:118,1
DA:119,0
DA:121,0
LF:26
LH:21
BRDA:23,0,0,1
BRDA:23,0,1,1
BRDA:30,1,0,1
BRDA:30,1,1,1
BRDA:37,2,0,1
BRDA:37,2,1,1
BRDA:108,3,0,0
BRDA:111,4,0,0
BRDA:111,4,1,0
BRDA:112,5,0,0
BRDA:112,5,1,0
BRDA:113,6,0,0
BRDA:113,6,1,0
BRDA:121,7,0,0
BRDA:121,7,1,0
BRF:15
BRH:6
end_of_record
TN:
SF:src/domain/entities/feedback.ts
FN:14,(anonymous_0)
FN:86,isValidRating
FN:90,validateFeedbackSubmission
FN:125,getStarDisplay
FN:137,getRatingText
FNF:5
FNH:0
FNDA:0,(anonymous_0)
FNDA:0,isValidRating
FNDA:0,validateFeedbackSubmission
FNDA:0,getStarDisplay
FNDA:0,getRatingText
DA:14,0
DA:15,0
DA:16,0
DA:17,0
DA:18,0
DA:19,0
DA:86,0
DA:87,0
DA:90,0
DA:91,0
DA:93,0
DA:94,0
DA:97,0
DA:98,0
DA:101,0
DA:102,0
DA:105,0
DA:106,0
DA:109,0
DA:110,0
DA:113,0
DA:114,0
DA:118,0
DA:119,0
DA:122,0
DA:125,0
DA:126,0
DA:127,0
DA:129,0
DA:130,0
DA:131,0
DA:134,0
DA:137,0
DA:138,0
DA:140,0
DA:142,0
DA:144,0
DA:146,0
DA:148,0
DA:150,0
LF:40
LH:0
BRDA:14,0,0,0
BRDA:14,0,1,0
BRDA:93,1,0,0
BRDA:93,2,0,0
BRDA:93,2,1,0
BRDA:97,3,0,0
BRDA:97,4,0,0
BRDA:97,4,1,0
BRDA:101,5,0,0
BRDA:101,6,0,0
BRDA:101,6,1,0
BRDA:105,7,0,0
BRDA:109,8,0,0
BRDA:109,9,0,0
BRDA:109,9,1,0
BRDA:113,10,0,0
BRDA:113,11,0,0
BRDA:113,11,1,0
BRDA:118,12,0,0
BRDA:118,13,0,0
BRDA:118,13,1,0
BRDA:131,14,0,0
BRDA:131,14,1,0
BRDA:138,15,0,0
BRDA:138,15,1,0
BRDA:138,15,2,0
BRDA:138,15,3,0
BRDA:138,15,4,0
BRDA:138,15,5,0
BRF:29
BRH:0
end_of_record
TN:
SF:src/domain/entities/index.ts
FNF:0
FNH:0
DA:1,0
DA:2,0
DA:3,0
DA:4,0
DA:5,0
DA:6,0
DA:7,0
DA:8,0
DA:9,0
DA:10,0
DA:11,0
LF:11
LH:0
BRF:0
BRH:0
end_of_record
TN:
SF:src/domain/entities/job.ts
FN:32,(anonymous_0)
FNF:1
FNH:0
FNDA:0,(anonymous_0)
DA:32,0
DA:33,0
DA:34,0
DA:35,0
DA:39,0
LF:5
LH:0
BRDA:32,0,0,0
BRDA:32,0,1,0
BRF:2
BRH:0
end_of_record
TN:
SF:src/domain/entities/reminder.ts
FN:42,(anonymous_0)
FN:53,parseTimeString
FN:92,validateReminderTime
FN:122,validateReminderCreation
FN:157,formatReminderTime
FN:172,calculateScheduledTime
FN:182,formatTimeUntilReminder
FNF:7
FNH:0
FNDA:0,(anonymous_0)
FNDA:0,parseTimeString
FNDA:0,validateReminderTime
FNDA:0,validateReminderCreation
FNDA:0,formatReminderTime
FNDA:0,calculateScheduledTime
FNDA:0,formatTimeUntilReminder
DA:42,0
DA:43,0
DA:44,0
DA:45,0
DA:49,0
DA:50,0
DA:53,0
DA:55,0
DA:56,0
DA:58,0
DA:59,0
DA:62,0
DA:63,0
DA:69,0
DA:70,0
DA:71,0
DA:72,0
DA:73,0
DA:74,0
DA:75,0
DA:76,0
DA:77,0
DA:79,0
DA:82,0
DA:84,0
DA:92,0
DA:93,0
DA:95,0
DA:96,0
DA:102,0
DA:103,0
DA:109,0
DA:110,0
DA:116,0
DA:122,0
DA:123,0
DA:125,0
DA:126,0
DA:129,0
DA:130,0
DA:133,0
DA:134,0
DA:137,0
DA:138,0
DA:141,0
DA:142,0
DA:145,0
DA:146,0
DA:148,0
DA:149,0
DA:150,0
DA:154,0
DA:157,0
DA:158,0
DA:160,0
DA:162,0
DA:164,0
DA:166,0
DA:168,0
DA:172,0
DA:173,0
DA:174,0
DA:175,0
DA:178,0
DA:179,0
DA:182,0
DA:183,0
DA:184,0
DA:186,0
DA:187,0
DA:190,0
DA:191,0
DA:192,0
DA:194,0
DA:195,0
DA:196,0
DA:197,0
DA:199,0
LF:78
LH:0
BRDA:42,0,0,0
BRDA:42,0,1,0
BRDA:58,1,0,0
BRDA:62,2,0,0
BRDA:62,2,1,0
BRDA:63,3,0,0
BRDA:63,3,1,0
BRDA:69,4,0,0
BRDA:69,4,1,0
BRDA:72,5,0,0
BRDA:72,5,1,0
BRDA:75,6,0,0
BRDA:75,6,1,0
BRDA:95,7,0,0
BRDA:102,8,0,0
BRDA:109,9,0,0
BRDA:125,10,0,0
BRDA:125,11,0,0
BRDA:125,11,1,0
BRDA:129,12,0,0
BRDA:129,13,0,0
BRDA:129,13,1,0
BRDA:133,14,0,0
BRDA:133,15,0,0
BRDA:133,15,1,0
BRDA:137,16,0,0
BRDA:137,17,0,0
BRDA:137,17,1,0
BRDA:141,18,0,0
BRDA:141,19,0,0
BRDA:141,19,1,0
BRDA:145,20,0,0
BRDA:145,20,1,0
BRDA:145,21,0,0
BRDA:145,21,1,0
BRDA:149,22,0,0
BRDA:160,23,0,0
BRDA:160,23,1,0
BRDA:160,23,2,0
BRDA:160,23,3,0
BRDA:162,24,0,0
BRDA:162,24,1,0
BRDA:164,25,0,0
BRDA:164,25,1,0
BRDA:166,26,0,0
BRDA:166,26,1,0
BRDA:174,27,0,0
BRDA:174,28,0,0
BRDA:174,28,1,0
BRDA:186,29,0,0
BRDA:194,30,0,0
BRDA:194,30,1,0
BRDA:196,31,0,0
BRDA:196,31,1,0
BRF:54
BRH:0
end_of_record
TN:
SF:src/domain/entities/retainer.ts
FN:14,(anonymous_0)
FNF:1
FNH:0
FNDA:0,(anonymous_0)
DA:14,0
DA:15,0
DA:16,0
DA:17,0
DA:26,0
LF:5
LH:0
BRDA:14,0,0,0
BRDA:14,0,1,0
BRF:2
BRH:0
end_of_record
TN:
SF:src/domain/entities/staff-role.ts
FN:1,(anonymous_0)
FN:51,(anonymous_1)
FN:59,(anonymous_2)
FN:67,(anonymous_3)
FN:72,(anonymous_4)
FN:78,(anonymous_5)
FN:83,(anonymous_6)
FN:89,(anonymous_7)
FN:93,(anonymous_8)
FN:97,(anonymous_9)
FN:101,(anonymous_10)
FN:103,(anonymous_11)
FN:107,(anonymous_12)
FNF:13
FNH:3
FNDA:1,(anonymous_0)
FNDA:0,(anonymous_1)
FNDA:0,(anonymous_2)
FNDA:0,(anonymous_3)
FNDA:0,(anonymous_4)
FNDA:0,(anonymous_5)
FNDA:0,(anonymous_6)
FNDA:45,(anonymous_7)
FNDA:8,(anonymous_8)
FNDA:0,(anonymous_9)
FNDA:0,(anonymous_10)
FNDA:0,(anonymous_11)
FNDA:0,(anonymous_12)
DA:1,1
DA:2,1
DA:3,1
DA:4,1
DA:5,1
DA:6,1
DA:7,1
DA:17,1
DA:50,1
DA:52,0
DA:53,0
DA:56,0
DA:60,0
DA:61,0
DA:64,0
DA:68,0
DA:69,0
DA:71,0
DA:72,0
DA:75,0
DA:79,0
DA:80,0
DA:82,0
DA:83,0
DA:86,0
DA:90,45
DA:94,8
DA:98,0
DA:102,0
DA:103,0
DA:108,0
LF:31
LH:11
BRDA:1,0,0,1
BRDA:1,0,1,1
BRDA:56,1,0,0
BRDA:56,1,1,0
BRDA:64,2,0,0
BRDA:64,2,1,0
BRDA:75,3,0,0
BRDA:75,3,1,0
BRDA:86,4,0,0
BRDA:86,4,1,0
BRF:10
BRH:2
end_of_record
TN:
SF:src/infrastructure/index.ts
FNF:0
FNH:0
DA:1,0
DA:2,0
DA:3,0
DA:4,0
DA:5,0
DA:6,0
DA:7,0
DA:8,0
DA:9,0
DA:10,0
DA:11,0
DA:12,0
DA:13,0
DA:14,0
DA:15,0
DA:16,0
LF:16
LH:0
BRF:0
BRH:0
end_of_record
TN:
SF:src/infrastructure/bot/bot.ts
FN:18,(anonymous_0)
FN:33,(anonymous_1)
FN:34,(anonymous_2)
FN:59,(anonymous_3)
FN:63,(anonymous_4)
FN:67,(anonymous_5)
FN:76,(anonymous_6)
FN:96,(anonymous_7)
FN:97,(anonymous_8)
FN:113,(anonymous_9)
FN:114,(anonymous_10)
FN:141,(anonymous_11)
FN:170,(anonymous_12)
FN:184,(anonymous_13)
FN:195,(anonymous_14)
FN:208,(anonymous_15)
FN:219,(anonymous_16)
FNF:17
FNH:0
FNDA:0,(anonymous_0)
FNDA:0,(anonymous_1)
FNDA:0,(anonymous_2)
FNDA:0,(anonymous_3)
FNDA:0,(anonymous_4)
FNDA:0,(anonymous_5)
FNDA:0,(anonymous_6)
FNDA:0,(anonymous_7)
FNDA:0,(anonymous_8)
FNDA:0,(anonymous_9)
FNDA:0,(anonymous_10)
FNDA:0,(anonymous_11)
FNDA:0,(anonymous_12)
FNDA:0,(anonymous_13)
FNDA:0,(anonymous_14)
FNDA:0,(anonymous_15)
FNDA:0,(anonymous_16)
DA:1,0
DA:2,0
DA:3,0
DA:4,0
DA:5,0
DA:6,0
DA:7,0
DA:8,0
DA:9,0
DA:10,0
DA:12,0
DA:15,0
DA:16,0
DA:19,0
DA:21,0
DA:30,0
DA:34,0
DA:35,0
DA:37,0
DA:40,0
DA:45,0
DA:46,0
DA:50,0
DA:51,0
DA:52,0
DA:56,0
DA:59,0
DA:60,0
DA:63,0
DA:64,0
DA:67,0
DA:68,0
DA:69,0
DA:71,0
DA:77,0
DA:78,0
DA:82,0
DA:83,0
DA:84,0
DA:86,0
DA:87,0
DA:91,0
DA:92,0
DA:94,0
DA:96,0
DA:97,0
DA:98,0
DA:99,0
DA:100,0
DA:104,0
DA:105,0
DA:106,0
DA:109,0
DA:113,0
DA:114,0
DA:117,0
DA:118,0
DA:121,0
DA:122,0
DA:124,0
DA:125,0
DA:126,0
DA:130,0
DA:131,0
DA:132,0
DA:136,0
DA:142,0
DA:144,0
DA:145,0
DA:148,0
DA:151,0
DA:152,0
DA:154,0
DA:157,0
DA:158,0
DA:159,0
DA:162,0
DA:164,0
DA:165,0
DA:171,0
DA:172,0
DA:175,0
DA:177,0
DA:179,0
DA:180,0
DA:186,0
DA:187,0
DA:188,0
DA:189,0
DA:190,0
DA:192,0
DA:196,0
DA:198,0
DA:199,0
DA:200,0
DA:202,0
DA:203,0
DA:209,0
DA:210,0
DA:211,0
DA:212,0
DA:214,0
DA:215,0
DA:220,0
LF:104
LH:0
BRDA:35,0,0,0
BRDA:45,1,0,0
BRDA:50,2,0,0
BRDA:84,3,0,0
BRDA:84,3,1,0
BRDA:94,4,0,0
BRDA:94,4,1,0
BRDA:94,5,0,0
BRDA:94,5,1,0
BRDA:98,6,0,0
BRDA:104,7,0,0
BRDA:117,8,0,0
BRDA:121,9,0,0
BRDA:121,9,1,0
BRDA:121,10,0,0
BRDA:121,10,1,0
BRDA:158,11,0,0
BRF:17
BRH:0
end_of_record
TN:
SF:src/infrastructure/database/mongo-client.ts
FN:11,(anonymous_0)
FN:16,(anonymous_1)
FN:23,(anonymous_2)
FN:44,(anonymous_3)
FN:58,(anonymous_4)
FN:70,(anonymous_5)
FNF:6
FNH:3
FNDA:1,(anonymous_0)
FNDA:70,(anonymous_1)
FNDA:0,(anonymous_2)
FNDA:0,(anonymous_3)
FNDA:70,(anonymous_4)
FNDA:0,(anonymous_5)
DA:1,1
DA:2,1
DA:4,1
DA:6,1
DA:7,1
DA:12,1
DA:13,1
DA:17,70
DA:18,1
DA:20,70
DA:24,0
DA:25,0
DA:26,0
DA:27,0
DA:30,0
DA:31,0
DA:32,0
DA:33,0
DA:36,0
DA:37,0
DA:39,0
DA:40,0
DA:45,0
DA:46,0
DA:47,0
DA:48,0
DA:49,0
DA:50,0
DA:53,0
DA:54,0
DA:59,70
DA:61,70
DA:62,70
DA:63,70
DA:65,0
DA:67,0
DA:71,0
LF:37
LH:14
BRDA:12,0,0,1
BRDA:12,0,1,0
BRDA:13,1,0,1
BRDA:13,1,1,0
BRDA:17,2,0,1
BRDA:25,3,0,0
BRDA:40,4,0,0
BRDA:40,4,1,0
BRDA:46,5,0,0
BRDA:59,6,0,70
BRDA:62,7,0,70
BRDA:62,8,0,70
BRDA:62,8,1,70
BRDA:71,9,0,0
BRDA:71,9,1,0
BRF:15
BRH:7
end_of_record
TN:
SF:src/infrastructure/error-handling/error-handler.ts
FN:4,(anonymous_0)
FN:29,(anonymous_1)
FN:31,(anonymous_2)
FN:38,(anonymous_3)
FN:54,(anonymous_4)
FN:85,(anonymous_5)
FN:152,(anonymous_6)
FN:156,(anonymous_7)
FN:220,(anonymous_8)
FN:238,(anonymous_9)
FNF:10
FNH:0
FNDA:0,(anonymous_0)
FNDA:0,(anonymous_1)
FNDA:0,(anonymous_2)
FNDA:0,(anonymous_3)
FNDA:0,(anonymous_4)
FNDA:0,(anonymous_5)
FNDA:0,(anonymous_6)
FNDA:0,(anonymous_7)
FNDA:0,(anonymous_8)
FNDA:0,(anonymous_9)
DA:1,0
DA:2,0
DA:4,0
DA:5,0
DA:6,0
DA:7,0
DA:8,0
DA:9,0
DA:10,0
DA:11,0
DA:12,0
DA:13,0
DA:14,0
DA:26,0
DA:32,0
DA:33,0
DA:35,0
DA:45,0
DA:46,0
DA:47,0
DA:48,0
DA:49,0
DA:51,0
DA:62,0
DA:65,0
DA:77,0
DA:79,0
DA:86,0
DA:87,0
DA:96,0
DA:97,0
DA:101,0
DA:102,0
DA:103,0
DA:112,0
DA:113,0
DA:122,0
DA:123,0
DA:132,0
DA:133,0
DA:143,0
DA:153,0
DA:157,0
DA:159,0
DA:165,0
DA:171,0
DA:177,0
DA:183,0
DA:189,0
DA:195,0
DA:201,0
DA:207,0
DA:213,0
DA:221,0
DA:225,0
DA:231,0
DA:234,0
DA:246,0
DA:247,0
DA:248,0
DA:250,0
DA:253,0
DA:254,0
DA:255,0
DA:258,0
LF:65
LH:0
BRDA:4,0,0,0
BRDA:4,0,1,0
BRDA:32,1,0,0
BRDA:70,2,0,0
BRDA:70,2,1,0
BRDA:71,3,0,0
BRDA:71,3,1,0
BRDA:86,4,0,0
BRDA:96,5,0,0
BRDA:101,6,0,0
BRDA:101,6,1,0
BRDA:102,7,0,0
BRDA:112,8,0,0
BRDA:112,9,0,0
BRDA:112,9,1,0
BRDA:122,10,0,0
BRDA:122,11,0,0
BRDA:122,11,1,0
BRDA:132,12,0,0
BRDA:132,13,0,0
BRDA:132,13,1,0
BRDA:153,14,0,0
BRDA:153,14,1,0
BRDA:153,14,2,0
BRDA:153,14,3,0
BRDA:157,15,0,0
BRDA:157,15,1,0
BRDA:157,15,2,0
BRDA:157,15,3,0
BRDA:157,15,4,0
BRDA:157,15,5,0
BRDA:157,15,6,0
BRDA:157,15,7,0
BRDA:157,15,8,0
BRDA:157,15,9,0
BRDA:221,16,0,0
BRDA:221,16,1,0
BRDA:221,16,2,0
BRDA:221,16,3,0
BRDA:221,16,4,0
BRDA:221,16,5,0
BRDA:221,16,6,0
BRDA:221,16,7,0
BRDA:253,17,0,0
BRF:44
BRH:0
end_of_record
TN:
SF:src/infrastructure/external/roblox-service.ts
FN:26,(anonymous_9)
FN:28,(anonymous_10)
FN:35,(anonymous_11)
FN:41,(anonymous_12)
FN:47,(anonymous_13)
FN:72,(anonymous_14)
FN:118,(anonymous_15)
FN:149,(anonymous_16)
FN:166,(anonymous_17)
FN:181,(anonymous_18)
FN:196,(anonymous_19)
FN:200,(anonymous_20)
FNF:12
FNH:0
FNDA:0,(anonymous_9)
FNDA:0,(anonymous_10)
FNDA:0,(anonymous_11)
FNDA:0,(anonymous_12)
FNDA:0,(anonymous_13)
FNDA:0,(anonymous_14)
FNDA:0,(anonymous_15)
FNDA:0,(anonymous_16)
FNDA:0,(anonymous_17)
FNDA:0,(anonymous_18)
FNDA:0,(anonymous_19)
FNDA:0,(anonymous_20)
DA:1,0
DA:2,0
DA:21,0
DA:23,0
DA:24,0
DA:29,0
DA:30,0
DA:32,0
DA:36,0
DA:37,0
DA:39,0
DA:40,0
DA:41,0
DA:44,0
DA:48,0
DA:49,0
DA:51,0
DA:54,0
DA:55,0
DA:56,0
DA:57,0
DA:60,0
DA:62,0
DA:64,0
DA:65,0
DA:68,0
DA:73,0
DA:74,0
DA:76,0
DA:79,0
DA:80,0
DA:81,0
DA:82,0
DA:86,0
DA:90,0
DA:94,0
DA:105,0
DA:106,0
DA:108,0
DA:110,0
DA:111,0
DA:114,0
DA:119,0
DA:120,0
DA:121,0
DA:125,0
DA:126,0
DA:127,0
DA:130,0
DA:131,0
DA:134,0
DA:135,0
DA:136,0
DA:139,0
DA:141,0
DA:142,0
DA:150,0
DA:151,0
DA:153,0
DA:154,0
DA:156,0
DA:158,0
DA:159,0
DA:162,0
DA:167,0
DA:168,0
DA:170,0
DA:182,0
DA:187,0
DA:188,0
DA:189,0
DA:190,0
DA:193,0
DA:197,0
DA:201,0
LF:75
LH:0
BRDA:29,0,0,0
BRDA:39,1,0,0
BRDA:55,2,0,0
BRDA:64,3,0,0
BRDA:80,4,0,0
BRDA:90,5,0,0
BRDA:90,5,1,0
BRDA:90,6,0,0
BRDA:90,6,1,0
BRDA:90,6,2,0
BRDA:96,7,0,0
BRDA:96,7,1,0
BRDA:97,8,0,0
BRDA:97,8,1,0
BRDA:97,8,2,0
BRDA:98,9,0,0
BRDA:98,9,1,0
BRDA:100,10,0,0
BRDA:100,10,1,0
BRDA:102,11,0,0
BRDA:102,11,1,0
BRDA:110,12,0,0
BRDA:120,13,0,0
BRDA:120,14,0,0
BRDA:120,14,1,0
BRDA:120,14,2,0
BRDA:126,15,0,0
BRDA:130,16,0,0
BRDA:130,17,0,0
BRDA:130,17,1,0
BRDA:135,18,0,0
BRDA:154,19,0,0
BRDA:154,19,1,0
BRDA:158,20,0,0
BRDA:167,21,0,0
BRDA:167,21,1,0
BRDA:168,22,0,0
BRDA:168,22,1,0
BRDA:171,23,0,0
BRDA:171,23,1,0
BRDA:171,23,2,0
BRDA:171,23,3,0
BRDA:171,23,4,0
BRDA:171,23,5,0
BRDA:171,23,6,0
BRDA:187,24,0,0
BRDA:187,24,1,0
BRDA:189,25,0,0
BRDA:207,26,0,0
BRDA:207,26,1,0
BRF:50
BRH:0
end_of_record
TN:
SF:src/infrastructure/logger/index.ts
FNF:0
FNH:0
DA:1,1
DA:3,1
DA:4,1
DA:6,1
DA:25,1
DA:26,1
DA:34,1
LF:7
LH:7
BRDA:3,0,0,1
BRDA:3,0,1,0
BRDA:25,1,0,1
BRF:3
BRH:2
end_of_record
TN:
SF:src/infrastructure/queue/operation-queue.ts
FN:26,(anonymous_0)
FN:28,(anonymous_1)
FN:35,(anonymous_2)
FN:41,(anonymous_3)
FN:67,(anonymous_4)
FN:78,(anonymous_5)
FN:79,(anonymous_6)
FN:90,(anonymous_7)
FN:147,(anonymous_8)
FN:149,(anonymous_9)
FN:182,(anonymous_10)
FN:186,(anonymous_11)
FN:200,(anonymous_12)
FN:210,(anonymous_13)
FN:218,(anonymous_14)
FN:231,(anonymous_15)
FN:235,(anonymous_16)
FN:239,(anonymous_17)
FN:240,(anonymous_18)
FNF:19
FNH:8
FNDA:1,(anonymous_0)
FNDA:14,(anonymous_1)
FNDA:32,(anonymous_2)
FNDA:32,(anonymous_3)
FNDA:0,(anonymous_4)
FNDA:32,(anonymous_5)
FNDA:172,(anonymous_6)
FNDA:11,(anonymous_7)
FNDA:0,(anonymous_8)
FNDA:0,(anonymous_9)
FNDA:0,(anonymous_10)
FNDA:0,(anonymous_11)
FNDA:0,(anonymous_12)
FNDA:14,(anonymous_13)
FNDA:0,(anonymous_14)
FNDA:0,(anonymous_15)
FNDA:0,(anonymous_16)
FNDA:0,(anonymous_17)
FNDA:0,(anonymous_18)
DA:1,1
DA:17,1
DA:19,1
DA:20,1
DA:21,1
DA:22,1
DA:23,1
DA:24,1
DA:29,14
DA:30,1
DA:32,14
DA:41,32
DA:42,32
DA:55,32
DA:56,32
DA:58,32
DA:67,32
DA:68,0
DA:72,32
DA:73,11
DA:79,32
DA:81,172
DA:82,0
DA:86,172
DA:91,11
DA:92,0
DA:95,11
DA:97,11
DA:98,32
DA:99,32
DA:102,32
DA:104,32
DA:105,32
DA:112,32
DA:115,32
DA:116,32
DA:117,32
DA:120,32
DA:122,32
DA:129,0
DA:130,0
DA:131,0
DA:134,0
DA:140,0
DA:144,11
DA:149,0
DA:151,0
DA:152,0
DA:153,0
DA:154,0
DA:156,0
DA:162,0
DA:164,0
DA:168,0
DA:169,0
DA:170,0
DA:172,0
DA:178,0
DA:183,0
DA:197,0
DA:200,0
DA:211,14
DA:212,14
DA:214,14
DA:215,14
DA:218,14
DA:219,0
DA:220,0
DA:222,0
DA:225,14
DA:232,0
DA:236,0
DA:240,0
LF:73
LH:43
BRDA:29,0,0,1
BRDA:39,1,0,0
BRDA:48,2,0,1
BRDA:48,2,1,31
BRDA:72,3,0,11
BRDA:81,4,0,0
BRDA:91,5,0,0
BRDA:91,6,0,11
BRDA:91,6,1,11
BRDA:99,7,0,0
BRDA:116,8,0,32
BRDA:130,9,0,0
BRDA:137,10,0,0
BRDA:137,10,1,0
BRDA:151,11,0,0
BRDA:153,12,0,0
BRDA:169,13,0,0
BRDA:219,14,0,0
BRF:18
BRH:7
end_of_record
TN:
SF:src/infrastructure/rate-limiting/rate-limiter.ts
FN:17,(anonymous_0)
FN:20,(anonymous_1)
FN:26,(anonymous_2)
FN:33,(anonymous_3)
FN:111,(anonymous_4)
FN:116,(anonymous_5)
FN:125,(anonymous_6)
FN:145,(anonymous_7)
FN:151,(anonymous_8)
FN:164,(anonymous_9)
FN:171,(anonymous_10)
FN:183,(anonymous_11)
FN:189,(anonymous_12)
FN:195,(anonymous_13)
FNF:14
FNH:4
FNDA:1,(anonymous_0)
FNDA:0,(anonymous_1)
FNDA:14,(anonymous_2)
FNDA:8,(anonymous_3)
FNDA:0,(anonymous_4)
FNDA:0,(anonymous_5)
FNDA:0,(anonymous_6)
FNDA:0,(anonymous_7)
FNDA:0,(anonymous_8)
FNDA:0,(anonymous_9)
FNDA:0,(anonymous_10)
FNDA:14,(anonymous_11)
FNDA:0,(anonymous_12)
FNDA:0,(anonymous_13)
DA:1,1
DA:9,1
DA:11,1
DA:12,1
DA:13,1
DA:14,1
DA:19,1
DA:20,0
DA:21,0
DA:27,14
DA:28,1
DA:30,14
DA:38,8
DA:39,8
DA:41,8
DA:43,2
DA:49,2
DA:50,2
DA:54,6
DA:55,6
DA:56,6
DA:58,6
DA:64,6
DA:72,0
DA:74,0
DA:76,0
DA:77,0
DA:79,0
DA:81,0
DA:82,0
DA:84,0
DA:91,0
DA:100,0
DA:102,0
DA:108,0
DA:112,0
DA:113,0
DA:121,0
DA:122,0
DA:126,0
DA:127,0
DA:129,0
DA:130,0
DA:131,0
DA:132,0
DA:133,0
DA:137,0
DA:138,0
DA:146,0
DA:147,0
DA:148,0
DA:161,0
DA:162,0
DA:164,0
DA:171,0
DA:172,0
DA:175,0
DA:184,14
DA:185,14
DA:190,0
DA:191,0
DA:196,0
DA:197,0
DA:198,0
LF:64
LH:23
BRDA:19,0,0,0
BRDA:27,1,0,1
BRDA:41,2,0,2
BRDA:55,3,0,6
BRDA:74,4,0,0
BRDA:74,4,1,0
BRDA:81,5,0,0
BRDA:122,6,0,0
BRDA:122,6,1,0
BRDA:131,7,0,0
BRDA:137,8,0,0
BRDA:184,9,0,14
BRDA:190,10,0,0
BRDA:196,11,0,0
BRF:14
BRH:4
end_of_record
TN:
SF:src/infrastructure/repositories/application-repository.ts
FN:5,(anonymous_0)
FN:9,(anonymous_1)
FN:13,(anonymous_2)
FN:17,(anonymous_3)
FN:21,(anonymous_4)
FN:25,(anonymous_5)
FN:29,(anonymous_6)
FN:33,(anonymous_7)
FN:37,(anonymous_8)
FNF:9
FNH:0
FNDA:0,(anonymous_0)
FNDA:0,(anonymous_1)
FNDA:0,(anonymous_2)
FNDA:0,(anonymous_3)
FNDA:0,(anonymous_4)
FNDA:0,(anonymous_5)
FNDA:0,(anonymous_6)
FNDA:0,(anonymous_7)
FNDA:0,(anonymous_8)
DA:2,0
DA:4,0
DA:6,0
DA:10,0
DA:14,0
DA:18,0
DA:22,0
DA:26,0
DA:30,0
DA:34,0
DA:38,0
DA:39,0
LF:12
LH:0
BRF:0
BRH:0
end_of_record
TN:
SF:src/infrastructure/repositories/audit-log-repository.ts
FN:6,(anonymous_0)
FN:10,(anonymous_1)
FN:19,(anonymous_2)
FN:35,(anonymous_3)
FN:48,(anonymous_4)
FN:61,(anonymous_5)
FN:74,(anonymous_6)
FN:101,(anonymous_7)
FN:113,(anonymous_8)
FN:118,(anonymous_9)
FNF:10
FNH:2
FNDA:14,(anonymous_0)
FNDA:31,(anonymous_1)
FNDA:0,(anonymous_2)
FNDA:0,(anonymous_3)
FNDA:0,(anonymous_4)
FNDA:0,(anonymous_5)
FNDA:0,(anonymous_6)
FNDA:0,(anonymous_7)
FNDA:0,(anonymous_8)
FNDA:0,(anonymous_9)
DA:1,1
DA:2,1
DA:3,1
DA:5,1
DA:7,14
DA:11,31
DA:12,31
DA:14,0
DA:15,0
DA:20,0
DA:21,0
DA:22,0
DA:28,0
DA:30,0
DA:31,0
DA:40,0
DA:41,0
DA:43,0
DA:44,0
DA:53,0
DA:54,0
DA:56,0
DA:57,0
DA:66,0
DA:67,0
DA:69,0
DA:70,0
DA:80,0
DA:81,0
DA:82,0
DA:94,0
DA:96,0
DA:97,0
DA:102,0
DA:103,0
DA:104,0
DA:109,0
DA:110,0
DA:113,0
DA:114,0
DA:118,0
DA:119,0
DA:120,0
DA:124,0
DA:126,0
DA:127,0
LF:46
LH:7
BRDA:19,0,0,0
BRDA:38,1,0,0
BRDA:51,2,0,0
BRDA:64,3,0,0
BRDA:78,4,0,0
BRDA:119,5,0,0
BRDA:119,6,0,0
BRDA:119,6,1,0
BRF:8
BRH:0
end_of_record
TN:
SF:src/infrastructure/repositories/base-mongo-repository.ts
FN:10,(anonymous_0)
FN:16,(anonymous_1)
FN:44,(anonymous_2)
FN:58,(anonymous_3)
FN:68,(anonymous_4)
FN:97,(anonymous_5)
FN:117,(anonymous_6)
FN:127,(anonymous_7)
FN:147,(anonymous_8)
FN:157,(anonymous_9)
FN:169,(anonymous_10)
FN:193,(anonymous_11)
FNF:12
FNH:8
FNDA:70,(anonymous_0)
FNDA:83,(anonymous_1)
FNDA:84,(anonymous_2)
FNDA:3,(anonymous_3)
FNDA:16,(anonymous_4)
FNDA:0,(anonymous_5)
FNDA:56,(anonymous_6)
FNDA:3,(anonymous_7)
FNDA:38,(anonymous_8)
FNDA:0,(anonymous_9)
FNDA:0,(anonymous_10)
FNDA:0,(anonymous_11)
DA:1,1
DA:3,1
DA:4,1
DA:6,1
DA:11,70
DA:12,70
DA:13,70
DA:17,83
DA:18,83
DA:19,83
DA:25,83
DA:27,83
DA:28,0
DA:31,83
DA:32,83
DA:33,0
DA:36,83
DA:37,83
DA:39,0
DA:40,0
DA:45,84
DA:46,84
DA:47,0
DA:50,84
DA:51,84
DA:53,0
DA:54,0
DA:59,3
DA:60,3
DA:61,3
DA:63,0
DA:64,0
DA:69,16
DA:70,16
DA:71,0
DA:74,16
DA:79,16
DA:85,16
DA:86,0
DA:89,16
DA:90,16
DA:92,0
DA:93,0
DA:98,0
DA:99,0
DA:100,0
DA:103,0
DA:105,0
DA:106,0
DA:107,0
DA:110,0
DA:112,0
DA:113,0
DA:118,56
DA:119,56
DA:120,56
DA:122,0
DA:123,0
DA:128,3
DA:129,3
DA:131,3
DA:132,0
DA:135,3
DA:136,3
DA:139,3
DA:140,3
DA:142,0
DA:143,0
DA:148,38
DA:149,38
DA:150,38
DA:152,0
DA:153,0
DA:158,0
DA:159,0
DA:160,0
DA:161,0
DA:163,0
DA:164,0
DA:170,0
DA:171,0
DA:173,0
DA:174,0
DA:177,0
DA:178,0
DA:181,0
DA:182,0
DA:185,0
DA:186,0
DA:188,0
DA:189,0
DA:194,0
DA:195,0
DA:196,0
DA:198,0
DA:199,0
LF:96
LH:43
BRDA:27,0,0,0
BRDA:32,1,0,0
BRDA:46,2,0,0
BRDA:51,3,0,84
BRDA:51,3,1,0
BRDA:70,4,0,0
BRDA:85,5,0,0
BRDA:99,6,0,0
BRDA:106,7,0,0
BRDA:120,8,0,56
BRDA:120,8,1,38
BRDA:131,9,0,0
BRDA:135,10,0,3
BRDA:147,11,0,0
BRDA:173,12,0,0
BRDA:177,13,0,0
BRDA:181,14,0,0
BRF:17
BRH:4
end_of_record
TN:
SF:src/infrastructure/repositories/case-counter-repository.ts
FN:6,(anonymous_0)
FN:10,(anonymous_1)
FN:49,(anonymous_2)
FN:55,(anonymous_3)
FNF:4
FNH:2
FNDA:14,(anonymous_0)
FNDA:8,(anonymous_1)
FNDA:0,(anonymous_2)
FNDA:0,(anonymous_3)
DA:2,1
DA:3,1
DA:5,1
DA:7,14
DA:11,8
DA:13,8
DA:15,8
DA:17,8
DA:19,5
DA:24,5
DA:28,3
DA:32,3
DA:33,0
DA:36,3
DA:42,3
DA:44,0
DA:45,0
DA:50,0
DA:51,0
DA:52,0
DA:56,0
DA:57,0
DA:59,0
DA:60,0
DA:62,0
DA:65,0
DA:67,0
DA:68,0
LF:28
LH:14
BRDA:17,0,0,5
BRDA:32,1,0,0
BRDA:50,2,0,0
BRDA:50,2,1,0
BRDA:52,3,0,0
BRDA:52,3,1,0
BRDA:59,4,0,0
BRDA:59,4,1,0
BRF:8
BRH:1
end_of_record
TN:
SF:src/infrastructure/repositories/case-repository.ts
FN:32,(anonymous_0)
FN:36,(anonymous_1)
FN:40,(anonymous_2)
FN:44,(anonymous_3)
FN:48,(anonymous_4)
FN:52,(anonymous_5)
FN:58,(anonymous_6)
FN:59,(anonymous_7)
FN:65,(anonymous_8)
FN:69,(anonymous_9)
FN:73,(anonymous_10)
FN:132,(anonymous_11)
FN:139,(anonymous_12)
FN:143,(anonymous_13)
FN:147,(anonymous_14)
FN:161,(anonymous_15)
FN:162,(anonymous_16)
FN:163,(anonymous_17)
FN:164,(anonymous_18)
FN:165,(anonymous_19)
FN:166,(anonymous_20)
FN:167,(anonymous_21)
FN:171,(anonymous_22)
FN:194,(anonymous_23)
FN:198,(anonymous_24)
FN:212,(anonymous_25)
FN:222,(anonymous_26)
FN:230,(anonymous_27)
FNF:28
FNH:5
FNDA:14,(anonymous_0)
FNDA:0,(anonymous_1)
FNDA:0,(anonymous_2)
FNDA:0,(anonymous_3)
FNDA:0,(anonymous_4)
FNDA:1,(anonymous_5)
FNDA:2,(anonymous_6)
FNDA:2,(anonymous_7)
FNDA:0,(anonymous_8)
FNDA:0,(anonymous_9)
FNDA:2,(anonymous_10)
FNDA:0,(anonymous_11)
FNDA:0,(anonymous_12)
FNDA:0,(anonymous_13)
FNDA:0,(anonymous_14)
FNDA:0,(anonymous_15)
FNDA:0,(anonymous_16)
FNDA:0,(anonymous_17)
FNDA:0,(anonymous_18)
FNDA:0,(anonymous_19)
FNDA:0,(anonymous_20)
FNDA:0,(anonymous_21)
FNDA:0,(anonymous_22)
FNDA:0,(anonymous_23)
FNDA:0,(anonymous_24)
FNDA:0,(anonymous_25)
FNDA:0,(anonymous_26)
FNDA:0,(anonymous_27)
DA:1,1
DA:2,1
DA:31,1
DA:33,14
DA:37,0
DA:41,0
DA:45,0
DA:49,0
DA:53,1
DA:54,1
DA:57,1
DA:58,1
DA:59,2
DA:62,1
DA:66,0
DA:70,0
DA:78,2
DA:80,2
DA:82,2
DA:83,2
DA:84,2
DA:85,2
DA:86,2
DA:87,2
DA:88,2
DA:89,2
DA:90,2
DA:93,2
DA:94,0
DA:95,0
DA:96,0
DA:99,2
DA:100,0
DA:101,0
DA:102,0
DA:106,2
DA:109,2
DA:110,0
DA:111,0
DA:114,2
DA:118,2
DA:119,0
DA:121,2
DA:122,0
DA:125,2
DA:126,2
DA:128,0
DA:133,0
DA:140,0
DA:144,0
DA:157,0
DA:159,0
DA:161,0
DA:162,0
DA:163,0
DA:164,0
DA:165,0
DA:166,0
DA:167,0
DA:172,0
DA:173,0
DA:176,0
DA:177,0
DA:180,0
DA:183,0
DA:187,0
DA:188,0
DA:191,0
DA:195,0
DA:196,0
DA:198,0
DA:200,0
DA:205,0
DA:206,0
DA:209,0
DA:216,0
DA:217,0
DA:219,0
DA:223,0
DA:224,0
DA:226,0
DA:227,0
DA:231,0
DA:232,0
DA:234,0
DA:235,0
LF:86
LH:30
BRDA:82,0,0,2
BRDA:83,1,0,0
BRDA:84,2,0,0
BRDA:85,3,0,0
BRDA:86,4,0,0
BRDA:87,5,0,0
BRDA:88,6,0,0
BRDA:89,7,0,0
BRDA:90,8,0,0
BRDA:93,9,0,0
BRDA:93,10,0,2
BRDA:93,10,1,2
BRDA:95,11,0,0
BRDA:96,12,0,0
BRDA:99,13,0,0
BRDA:99,14,0,2
BRDA:99,14,1,2
BRDA:101,15,0,0
BRDA:102,16,0,0
BRDA:109,17,0,0
BRDA:109,17,1,2
BRDA:110,18,0,0
BRDA:110,18,1,0
BRDA:118,19,0,0
BRDA:121,20,0,0
BRDA:173,21,0,0
BRDA:176,22,0,0
BRDA:187,23,0,0
BRDA:196,24,0,0
BRDA:205,25,0,0
BRDA:206,26,0,0
BRDA:206,26,1,0
BRDA:224,27,0,0
BRDA:232,28,0,0
BRF:34
BRH:6
end_of_record
TN:
SF:src/infrastructure/repositories/feedback-repository.ts
FN:15,(anonymous_0)
FN:19,(anonymous_1)
FN:46,(anonymous_2)
FN:56,(anonymous_3)
FN:65,(anonymous_4)
FN:74,(anonymous_5)
FN:86,(anonymous_6)
FN:99,(anonymous_7)
FN:111,(anonymous_8)
FN:117,(anonymous_9)
FN:134,(anonymous_10)
FN:140,(anonymous_11)
FN:141,(anonymous_12)
FN:146,(anonymous_13)
FN:158,(anonymous_14)
FN:165,(anonymous_15)
FN:166,(anonymous_16)
FN:192,(anonymous_17)
FN:205,(anonymous_18)
FN:256,(anonymous_19)
FNF:20
FNH:0
FNDA:0,(anonymous_0)
FNDA:0,(anonymous_1)
FNDA:0,(anonymous_2)
FNDA:0,(anonymous_3)
FNDA:0,(anonymous_4)
FNDA:0,(anonymous_5)
FNDA:0,(anonymous_6)
FNDA:0,(anonymous_7)
FNDA:0,(anonymous_8)
FNDA:0,(anonymous_9)
FNDA:0,(anonymous_10)
FNDA:0,(anonymous_11)
FNDA:0,(anonymous_12)
FNDA:0,(anonymous_13)
FNDA:0,(anonymous_14)
FNDA:0,(anonymous_15)
FNDA:0,(anonymous_16)
FNDA:0,(anonymous_17)
FNDA:0,(anonymous_18)
FNDA:0,(anonymous_19)
DA:1,0
DA:2,0
DA:12,0
DA:14,0
DA:16,0
DA:24,0
DA:25,0
DA:26,0
DA:28,0
DA:34,0
DA:35,0
DA:36,0
DA:38,0
DA:41,0
DA:42,0
DA:47,0
DA:48,0
DA:49,0
DA:51,0
DA:52,0
DA:57,0
DA:58,0
DA:60,0
DA:61,0
DA:66,0
DA:67,0
DA:69,0
DA:70,0
DA:75,0
DA:76,0
DA:81,0
DA:82,0
DA:87,0
DA:88,0
DA:93,0
DA:94,0
DA:98,0
DA:99,0
DA:100,0
DA:103,0
DA:111,0
DA:112,0
DA:116,0
DA:117,0
DA:120,0
DA:129,0
DA:130,0
DA:135,0
DA:137,0
DA:140,0
DA:141,0
DA:144,0
DA:145,0
DA:146,0
DA:150,0
DA:158,0
DA:159,0
DA:163,0
DA:165,0
DA:166,0
DA:170,0
DA:171,0
DA:172,0
DA:173,0
DA:174,0
DA:178,0
DA:187,0
DA:188,0
DA:193,0
DA:194,0
DA:200,0
DA:201,0
DA:206,0
DA:210,0
DA:211,0
DA:214,0
DA:215,0
DA:218,0
DA:219,0
DA:222,0
DA:223,0
DA:224,0
DA:225,0
DA:227,0
DA:228,0
DA:232,0
DA:233,0
DA:236,0
DA:237,0
DA:238,0
DA:239,0
DA:241,0
DA:242,0
DA:246,0
DA:247,0
DA:253,0
DA:257,0
DA:258,0
DA:261,0
DA:262,0
LF:100
LH:0
BRDA:34,0,0,0
BRDA:34,0,1,0
BRDA:93,1,0,0
BRDA:122,2,0,0
BRDA:122,2,1,0
BRDA:145,3,0,0
BRDA:145,3,1,0
BRDA:173,4,0,0
BRDA:192,5,0,0
BRDA:210,6,0,0
BRDA:214,7,0,0
BRDA:218,8,0,0
BRDA:222,9,0,0
BRDA:222,10,0,0
BRDA:222,10,1,0
BRDA:224,11,0,0
BRDA:227,12,0,0
BRDA:232,13,0,0
BRDA:236,14,0,0
BRDA:236,15,0,0
BRDA:236,15,1,0
BRDA:238,16,0,0
BRDA:241,17,0,0
BRDA:246,18,0,0
BRDA:246,19,0,0
BRDA:246,19,1,0
BRDA:257,20,0,0
BRDA:261,21,0,0
BRDA:261,21,1,0
BRF:29
BRH:0
end_of_record
TN:
SF:src/infrastructure/repositories/guild-config-repository.ts
FN:6,(anonymous_0)
FN:10,(anonymous_1)
FN:19,(anonymous_2)
FN:49,(anonymous_3)
FN:66,(anonymous_4)
FN:80,(anonymous_5)
FN:100,(anonymous_6)
FN:107,(anonymous_7)
FN:115,(anonymous_8)
FN:135,(anonymous_9)
FN:142,(anonymous_10)
FN:150,(anonymous_11)
FNF:12
FNH:3
FNDA:14,(anonymous_0)
FNDA:8,(anonymous_1)
FNDA:0,(anonymous_2)
FNDA:0,(anonymous_3)
FNDA:8,(anonymous_4)
FNDA:0,(anonymous_5)
FNDA:0,(anonymous_6)
FNDA:0,(anonymous_7)
FNDA:0,(anonymous_8)
FNDA:0,(anonymous_9)
FNDA:0,(anonymous_10)
FNDA:0,(anonymous_11)
DA:1,1
DA:3,1
DA:5,1
DA:7,14
DA:11,8
DA:12,8
DA:14,0
DA:15,0
DA:20,0
DA:41,0
DA:42,0
DA:44,0
DA:45,0
DA:53,0
DA:54,0
DA:55,0
DA:56,0
DA:59,0
DA:61,0
DA:62,0
DA:67,8
DA:68,8
DA:69,8
DA:70,0
DA:71,0
DA:73,8
DA:75,0
DA:76,0
DA:81,0
DA:82,0
DA:83,0
DA:84,0
DA:87,0
DA:88,0
DA:89,0
DA:90,0
DA:93,0
DA:95,0
DA:96,0
DA:101,0
DA:102,0
DA:103,0
DA:104,0
DA:107,0
DA:108,0
DA:110,0
DA:111,0
DA:116,0
DA:117,0
DA:118,0
DA:119,0
DA:122,0
DA:123,0
DA:124,0
DA:125,0
DA:128,0
DA:130,0
DA:131,0
DA:136,0
DA:137,0
DA:138,0
DA:139,0
DA:142,0
DA:143,0
DA:145,0
DA:146,0
DA:155,0
DA:156,0
DA:157,0
DA:158,0
DA:161,0
DA:162,0
DA:163,0
DA:164,0
DA:167,0
DA:169,0
DA:170,0
LF:77
LH:10
BRDA:55,0,0,0
BRDA:69,1,0,0
BRDA:83,2,0,0
BRDA:88,3,0,0
BRDA:103,4,0,0
BRDA:118,5,0,0
BRDA:123,6,0,0
BRDA:138,7,0,0
BRDA:157,8,0,0
BRDA:162,9,0,0
BRF:10
BRH:0
end_of_record
TN:
SF:src/infrastructure/repositories/job-repository.ts
FN:21,(anonymous_0)
FN:25,(anonymous_1)
FN:34,(anonymous_2)
FN:43,(anonymous_3)
FN:52,(anonymous_4)
FN:110,(anonymous_5)
FN:119,(anonymous_6)
FN:128,(anonymous_7)
FN:159,(anonymous_8)
FN:179,(anonymous_9)
FN:195,(anonymous_10)
FN:211,(anonymous_11)
FN:254,(anonymous_12)
FN:259,(anonymous_13)
FN:279,(anonymous_14)
FN:298,(anonymous_15)
FN:309,(anonymous_16)
FNF:17
FNH:0
FNDA:0,(anonymous_0)
FNDA:0,(anonymous_1)
FNDA:0,(anonymous_2)
FNDA:0,(anonymous_3)
FNDA:0,(anonymous_4)
FNDA:0,(anonymous_5)
FNDA:0,(anonymous_6)
FNDA:0,(anonymous_7)
FNDA:0,(anonymous_8)
FNDA:0,(anonymous_9)
FNDA:0,(anonymous_10)
FNDA:0,(anonymous_11)
FNDA:0,(anonymous_12)
FNDA:0,(anonymous_13)
FNDA:0,(anonymous_14)
FNDA:0,(anonymous_15)
FNDA:0,(anonymous_16)
DA:1,0
DA:3,0
DA:4,0
DA:20,0
DA:22,0
DA:26,0
DA:27,0
DA:29,0
DA:30,0
DA:35,0
DA:36,0
DA:38,0
DA:39,0
DA:44,0
DA:45,0
DA:47,0
DA:48,0
DA:58,0
DA:59,0
DA:60,0
DA:63,0
DA:64,0
DA:67,0
DA:68,0
DA:71,0
DA:72,0
DA:76,0
DA:77,0
DA:78,0
DA:84,0
DA:87,0
DA:88,0
DA:91,0
DA:98,0
DA:105,0
DA:106,0
DA:111,0
DA:112,0
DA:114,0
DA:115,0
DA:120,0
DA:121,0
DA:123,0
DA:124,0
DA:134,0
DA:135,0
DA:136,0
DA:137,0
DA:140,0
DA:146,0
DA:148,0
DA:149,0
DA:152,0
DA:154,0
DA:155,0
DA:160,0
DA:161,0
DA:162,0
DA:163,0
DA:166,0
DA:168,0
DA:169,0
DA:172,0
DA:174,0
DA:175,0
DA:180,0
DA:181,0
DA:182,0
DA:183,0
DA:186,0
DA:190,0
DA:191,0
DA:196,0
DA:197,0
DA:198,0
DA:199,0
DA:202,0
DA:206,0
DA:207,0
DA:219,0
DA:220,0
DA:223,0
DA:224,0
DA:225,0
DA:228,0
DA:241,0
DA:244,0
DA:251,0
DA:254,0
DA:255,0
DA:259,0
DA:260,0
DA:261,0
DA:265,0
DA:274,0
DA:275,0
DA:280,0
DA:282,0
DA:283,0
DA:291,0
DA:293,0
DA:294,0
DA:299,0
DA:300,0
DA:304,0
DA:305,0
DA:310,0
DA:311,0
DA:317,0
DA:318,0
LF:110
LH:0
BRDA:55,0,0,0
BRDA:56,1,0,0
BRDA:63,2,0,0
BRDA:67,3,0,0
BRDA:71,4,0,0
BRDA:76,5,0,0
BRDA:132,6,0,0
BRDA:136,7,0,0
BRDA:136,8,0,0
BRDA:136,8,1,0
BRDA:148,9,0,0
BRDA:162,10,0,0
BRDA:162,11,0,0
BRDA:162,11,1,0
BRDA:168,12,0,0
BRDA:182,13,0,0
BRDA:198,14,0,0
BRDA:241,15,0,0
BRDA:241,16,0,0
BRDA:241,17,0,0
BRDA:241,17,1,0
BRDA:260,18,0,0
BRF:22
BRH:0
end_of_record
TN:
SF:src/infrastructure/repositories/reminder-repository.ts
FN:10,(anonymous_0)
FN:14,(anonymous_1)
FN:27,(anonymous_2)
FN:46,(anonymous_3)
FN:60,(anonymous_4)
FN:78,(anonymous_5)
FN:95,(anonymous_6)
FN:105,(anonymous_7)
FN:117,(anonymous_8)
FN:129,(anonymous_9)
FN:147,(anonymous_10)
FNF:11
FNH:0
FNDA:0,(anonymous_0)
FNDA:0,(anonymous_1)
FNDA:0,(anonymous_2)
FNDA:0,(anonymous_3)
FNDA:0,(anonymous_4)
FNDA:0,(anonymous_5)
FNDA:0,(anonymous_6)
FNDA:0,(anonymous_7)
FNDA:0,(anonymous_8)
FNDA:0,(anonymous_9)
FNDA:0,(anonymous_10)
DA:1,0
DA:7,0
DA:9,0
DA:11,0
DA:15,0
DA:16,0
DA:22,0
DA:23,0
DA:28,0
DA:29,0
DA:34,0
DA:35,0
DA:36,0
DA:39,0
DA:41,0
DA:42,0
DA:47,0
DA:48,0
DA:49,0
DA:55,0
DA:56,0
DA:61,0
DA:62,0
DA:67,0
DA:68,0
DA:71,0
DA:73,0
DA:74,0
DA:79,0
DA:80,0
DA:84,0
DA:85,0
DA:88,0
DA:90,0
DA:91,0
DA:96,0
DA:97,0
DA:98,0
DA:100,0
DA:101,0
DA:106,0
DA:107,0
DA:112,0
DA:113,0
DA:118,0
DA:119,0
DA:124,0
DA:125,0
DA:130,0
DA:131,0
DA:132,0
DA:134,0
DA:139,0
DA:140,0
DA:142,0
DA:143,0
DA:148,0
DA:152,0
DA:153,0
DA:156,0
DA:157,0
DA:160,0
DA:161,0
DA:164,0
DA:165,0
DA:168,0
DA:169,0
DA:170,0
DA:171,0
DA:173,0
DA:174,0
DA:178,0
LF:72
LH:0
BRDA:27,0,0,0
BRDA:34,1,0,0
BRDA:67,2,0,0
BRDA:84,3,0,0
BRDA:129,4,0,0
BRDA:152,5,0,0
BRDA:156,6,0,0
BRDA:160,7,0,0
BRDA:164,8,0,0
BRDA:168,9,0,0
BRDA:168,10,0,0
BRDA:168,10,1,0
BRDA:170,11,0,0
BRDA:173,12,0,0
BRF:14
BRH:0
end_of_record
TN:
SF:src/infrastructure/repositories/retainer-repository.ts
FN:5,(anonymous_0)
FN:9,(anonymous_1)
FN:13,(anonymous_2)
FN:17,(anonymous_3)
FN:21,(anonymous_4)
FN:25,(anonymous_5)
FN:29,(anonymous_6)
FN:33,(anonymous_7)
FN:37,(anonymous_8)
FN:41,(anonymous_9)
FN:46,(anonymous_10)
FN:51,(anonymous_11)
FN:59,(anonymous_12)
FN:69,(anonymous_13)
FN:70,(anonymous_14)
FN:71,(anonymous_15)
FN:75,(anonymous_16)
FNF:17
FNH:0
FNDA:0,(anonymous_0)
FNDA:0,(anonymous_1)
FNDA:0,(anonymous_2)
FNDA:0,(anonymous_3)
FNDA:0,(anonymous_4)
FNDA:0,(anonymous_5)
FNDA:0,(anonymous_6)
FNDA:0,(anonymous_7)
FNDA:0,(anonymous_8)
FNDA:0,(anonymous_9)
FNDA:0,(anonymous_10)
FNDA:0,(anonymous_11)
FNDA:0,(anonymous_12)
FNDA:0,(anonymous_13)
FNDA:0,(anonymous_14)
FNDA:0,(anonymous_15)
FNDA:0,(anonymous_16)
DA:1,0
DA:2,0
DA:4,0
DA:6,0
DA:10,0
DA:14,0
DA:18,0
DA:22,0
DA:26,0
DA:30,0
DA:34,0
DA:38,0
DA:42,0
DA:43,0
DA:47,0
DA:48,0
DA:52,0
DA:53,0
DA:56,0
DA:65,0
DA:67,0
DA:69,0
DA:70,0
DA:71,0
DA:76,0
DA:77,0
DA:79,0
DA:80,0
DA:81,0
DA:82,0
DA:86,0
LF:31
LH:0
BRDA:51,0,0,0
BRDA:52,1,0,0
BRDA:81,2,0,0
BRF:3
BRH:0
end_of_record
TN:
SF:src/infrastructure/repositories/staff-repository.ts
FN:7,(anonymous_0)
FN:11,(anonymous_1)
FN:20,(anonymous_2)
FN:29,(anonymous_3)
FN:38,(anonymous_4)
FN:53,(anonymous_5)
FN:62,(anonymous_6)
FN:77,(anonymous_7)
FN:82,(anonymous_8)
FN:91,(anonymous_9)
FN:116,(anonymous_10)
FN:155,(anonymous_11)
FN:188,(anonymous_12)
FN:192,(anonymous_13)
FN:202,(anonymous_14)
FN:214,(anonymous_15)
FNF:16
FNH:7
FNDA:14,(anonymous_0)
FNDA:0,(anonymous_1)
FNDA:40,(anonymous_2)
FNDA:0,(anonymous_3)
FNDA:0,(anonymous_4)
FNDA:35,(anonymous_5)
FNDA:0,(anonymous_6)
FNDA:0,(anonymous_7)
FNDA:0,(anonymous_8)
FNDA:3,(anonymous_9)
FNDA:2,(anonymous_10)
FNDA:0,(anonymous_11)
FNDA:0,(anonymous_12)
FNDA:0,(anonymous_13)
FNDA:35,(anonymous_14)
FNDA:33,(anonymous_15)
DA:1,1
DA:3,1
DA:4,1
DA:6,1
DA:8,14
DA:12,0
DA:13,0
DA:15,0
DA:16,0
DA:21,40
DA:22,40
DA:24,0
DA:25,0
DA:30,0
DA:31,0
DA:33,0
DA:34,0
DA:39,0
DA:40,0
DA:41,0
DA:46,0
DA:48,0
DA:49,0
DA:54,35
DA:55,35
DA:57,0
DA:58,0
DA:63,0
DA:64,0
DA:66,0
DA:67,0
DA:70,0
DA:72,0
DA:73,0
DA:78,0
DA:79,0
DA:82,0
DA:83,0
DA:86,0
DA:87,0
DA:97,3
DA:98,3
DA:99,3
DA:101,3
DA:102,0
DA:105,3
DA:106,3
DA:107,3
DA:109,3
DA:111,0
DA:112,0
DA:123,2
DA:124,2
DA:125,2
DA:126,0
DA:129,2
DA:130,2
DA:134,2
DA:143,2
DA:145,2
DA:150,0
DA:151,0
DA:161,0
DA:162,0
DA:163,0
DA:164,0
DA:167,0
DA:176,0
DA:178,0
DA:183,0
DA:184,0
DA:189,0
DA:191,0
DA:192,0
DA:195,0
DA:197,0
DA:198,0
DA:203,35
DA:204,35
DA:205,35
DA:207,35
DA:209,0
DA:210,0
DA:215,33
DA:216,33
DA:217,33
DA:222,33
DA:224,0
DA:225,0
LF:89
LH:33
BRDA:93,0,0,0
BRDA:94,1,0,0
BRDA:101,2,0,0
BRDA:125,3,0,0
BRDA:130,4,0,2
BRDA:130,4,1,0
BRDA:163,5,0,0
BRDA:222,6,0,33
BRDA:222,6,1,33
BRF:9
BRH:3
end_of_record
TN:
SF:src/infrastructure/utils/embed-utils.ts
FN:10,(anonymous_0)
FN:55,(anonymous_1)
FN:63,(anonymous_2)
FN:71,(anonymous_3)
FN:79,(anonymous_4)
FN:87,(anonymous_5)
FN:93,(anonymous_6)
FNF:7
FNH:0
FNDA:0,(anonymous_0)
FNDA:0,(anonymous_1)
FNDA:0,(anonymous_2)
FNDA:0,(anonymous_3)
FNDA:0,(anonymous_4)
FNDA:0,(anonymous_5)
FNDA:0,(anonymous_6)
DA:1,0
DA:3,0
DA:4,0
DA:5,0
DA:6,0
DA:7,0
DA:8,0
DA:17,0
DA:20,0
DA:28,0
DA:31,0
DA:32,0
DA:36,0
DA:37,0
DA:41,0
DA:42,0
DA:48,0
DA:49,0
DA:52,0
DA:56,0
DA:64,0
DA:72,0
DA:80,0
DA:89,0
DA:90,0
DA:95,0
DA:96,0
LF:27
LH:0
BRDA:10,0,0,0
BRDA:28,1,0,0
BRDA:28,1,1,0
BRDA:31,2,0,0
BRDA:36,3,0,0
BRDA:41,4,0,0
BRDA:41,4,1,0
BRDA:48,5,0,0
BRDA:87,6,0,0
BRDA:89,7,0,0
BRDA:89,7,1,0
BRDA:95,8,0,0
BRDA:95,8,1,0
BRF:13
BRH:0
end_of_record
TN:
SF:src/presentation/commands/admin-commands.ts
FN:52,(anonymous_4)
FN:67,(anonymous_5)
FN:69,(anonymous_6)
FN:80,(anonymous_7)
FN:84,(anonymous_8)
FN:88,(anonymous_9)
FN:94,(anonymous_10)
FN:149,(anonymous_11)
FN:213,(anonymous_12)
FN:268,(anonymous_13)
FN:323,(anonymous_14)
FN:361,(anonymous_15)
FN:369,(anonymous_16)
FN:393,(anonymous_17)
FN:436,(anonymous_18)
FN:463,(anonymous_19)
FN:539,(anonymous_20)
FN:588,(anonymous_21)
FN:634,(anonymous_22)
FN:732,(anonymous_23)
FN:778,(anonymous_24)
FNF:21
FNH:0
FNDA:0,(anonymous_4)
FNDA:0,(anonymous_5)
FNDA:0,(anonymous_6)
FNDA:0,(anonymous_7)
FNDA:0,(anonymous_8)
FNDA:0,(anonymous_9)
FNDA:0,(anonymous_10)
FNDA:0,(anonymous_11)
FNDA:0,(anonymous_12)
FNDA:0,(anonymous_13)
FNDA:0,(anonymous_14)
FNDA:0,(anonymous_15)
FNDA:0,(anonymous_16)
FNDA:0,(anonymous_17)
FNDA:0,(anonymous_18)
FNDA:0,(anonymous_19)
FNDA:0,(anonymous_20)
FNDA:0,(anonymous_21)
FNDA:0,(anonymous_22)
FNDA:0,(anonymous_23)
FNDA:0,(anonymous_24)
DA:1,0
DA:8,0
DA:20,0
DA:21,0
DA:22,0
DA:23,0
DA:24,0
DA:25,0
DA:26,0
DA:27,0
DA:28,0
DA:29,0
DA:30,0
DA:31,0
DA:32,0
DA:33,0
DA:38,0
DA:53,0
DA:54,0
DA:55,0
DA:56,0
DA:57,0
DA:58,0
DA:59,0
DA:60,0
DA:61,0
DA:62,0
DA:63,0
DA:64,0
DA:68,0
DA:69,0
DA:70,0
DA:72,0
DA:81,0
DA:85,0
DA:89,0
DA:90,0
DA:94,0
DA:104,0
DA:105,0
DA:106,0
DA:110,0
DA:113,0
DA:114,0
DA:116,0
DA:117,0
DA:121,0
DA:124,0
DA:126,0
DA:127,0
DA:131,0
DA:134,0
DA:138,0
DA:140,0
DA:141,0
DA:149,0
DA:159,0
DA:160,0
DA:161,0
DA:165,0
DA:168,0
DA:169,0
DA:171,0
DA:172,0
DA:176,0
DA:180,0
DA:181,0
DA:185,0
DA:188,0
DA:190,0
DA:191,0
DA:195,0
DA:198,0
DA:202,0
DA:204,0
DA:205,0
DA:213,0
DA:223,0
DA:224,0
DA:225,0
DA:229,0
DA:232,0
DA:233,0
DA:235,0
DA:236,0
DA:240,0
DA:243,0
DA:245,0
DA:246,0
DA:250,0
DA:253,0
DA:257,0
DA:259,0
DA:260,0
DA:268,0
DA:278,0
DA:279,0
DA:280,0
DA:284,0
DA:287,0
DA:288,0
DA:290,0
DA:291,0
DA:295,0
DA:298,0
DA:300,0
DA:301,0
DA:305,0
DA:308,0
DA:312,0
DA:314,0
DA:315,0
DA:323,0
DA:324,0
DA:325,0
DA:326,0
DA:330,0
DA:333,0
DA:334,0
DA:336,0
DA:337,0
DA:341,0
DA:344,0
DA:346,0
DA:347,0
DA:351,0
DA:354,0
DA:360,0
DA:361,0
DA:362,0
DA:364,0
DA:368,0
DA:369,0
DA:370,0
DA:372,0
DA:376,0
DA:382,0
DA:384,0
DA:385,0
DA:393,0
DA:410,0
DA:411,0
DA:412,0
DA:416,0
DA:419,0
DA:420,0
DA:421,0
DA:425,0
DA:428,0
DA:429,0
DA:434,0
DA:436,0
DA:437,0
DA:440,0
DA:441,0
DA:444,0
DA:445,0
DA:446,0
DA:448,0
DA:452,0
DA:454,0
DA:455,0
DA:463,0
DA:473,0
DA:474,0
DA:475,0
DA:479,0
DA:482,0
DA:483,0
DA:484,0
DA:488,0
DA:491,0
DA:493,0
DA:496,0
DA:498,0
DA:499,0
DA:501,0
DA:502,0
DA:504,0
DA:505,0
DA:507,0
DA:508,0
DA:510,0
DA:511,0
DA:513,0
DA:514,0
DA:516,0
DA:517,0
DA:519,0
DA:520,0
DA:522,0
DA:523,0
DA:525,0
DA:526,0
DA:527,0
DA:529,0
DA:532,0
DA:537,0
DA:539,0
DA:540,0
DA:541,0
DA:542,0
DA:545,0
DA:552,0
DA:553,0
DA:554,0
DA:558,0
DA:565,0
DA:572,0
DA:575,0
DA:577,0
DA:579,0
DA:580,0
DA:582,0
DA:588,0
DA:589,0
DA:590,0
DA:591,0
DA:595,0
DA:598,0
DA:599,0
DA:600,0
DA:604,0
DA:608,0
DA:612,0
DA:619,0
DA:620,0
DA:622,0
DA:625,0
DA:626,0
DA:634,0
DA:635,0
DA:636,0
DA:638,0
DA:639,0
DA:643,0
DA:646,0
DA:647,0
DA:651,0
DA:654,0
DA:660,0
DA:672,0
DA:673,0
DA:675,0
DA:676,0
DA:677,0
DA:678,0
DA:680,0
DA:681,0
DA:682,0
DA:683,0
DA:684,0
DA:687,0
DA:691,0
DA:692,0
DA:694,0
DA:698,0
DA:702,0
DA:703,0
DA:710,0
DA:711,0
DA:712,0
DA:719,0
DA:721,0
DA:723,0
DA:724,0
DA:732,0
DA:733,0
DA:734,0
DA:735,0
DA:739,0
DA:742,0
DA:743,0
DA:744,0
DA:748,0
DA:752,0
DA:756,0
DA:763,0
DA:764,0
DA:766,0
DA:769,0
DA:770,0
DA:778,0
DA:779,0
DA:780,0
DA:782,0
DA:783,0
DA:787,0
DA:790,0
DA:791,0
DA:795,0
DA:798,0
DA:803,0
DA:805,0
DA:810,0
DA:811,0
DA:818,0
DA:819,0
DA:826,0
DA:827,0
DA:834,0
DA:835,0
DA:842,0
DA:843,0
DA:850,0
DA:851,0
DA:852,0
DA:859,0
DA:860,0
DA:862,0
DA:866,0
DA:868,0
DA:869,0
DA:870,0
DA:875,0
LF:315
LH:0
BRDA:69,0,0,0
BRDA:69,0,1,0
BRDA:105,1,0,0
BRDA:116,2,0,0
BRDA:126,3,0,0
BRDA:160,4,0,0
BRDA:171,5,0,0
BRDA:180,6,0,0
BRDA:180,7,0,0
BRDA:180,7,1,0
BRDA:190,8,0,0
BRDA:224,9,0,0
BRDA:235,10,0,0
BRDA:245,11,0,0
BRDA:279,12,0,0
BRDA:290,13,0,0
BRDA:300,14,0,0
BRDA:325,15,0,0
BRDA:336,16,0,0
BRDA:346,17,0,0
BRDA:360,18,0,0
BRDA:360,18,1,0
BRDA:368,19,0,0
BRDA:368,19,1,0
BRDA:411,20,0,0
BRDA:420,21,0,0
BRDA:429,22,0,0
BRDA:429,22,1,0
BRDA:434,23,0,0
BRDA:434,23,1,0
BRDA:474,24,0,0
BRDA:483,25,0,0
BRDA:496,26,0,0
BRDA:496,26,1,0
BRDA:496,26,2,0
BRDA:496,26,3,0
BRDA:496,26,4,0
BRDA:496,26,5,0
BRDA:496,26,6,0
BRDA:496,26,7,0
BRDA:496,26,8,0
BRDA:496,26,9,0
BRDA:496,26,10,0
BRDA:526,27,0,0
BRDA:526,27,1,0
BRDA:537,28,0,0
BRDA:537,28,1,0
BRDA:540,29,0,0
BRDA:540,29,1,0
BRDA:541,30,0,0
BRDA:541,30,1,0
BRDA:547,31,0,0
BRDA:547,31,1,0
BRDA:552,32,0,0
BRDA:554,33,0,0
BRDA:554,33,1,0
BRDA:579,34,0,0
BRDA:579,34,1,0
BRDA:590,35,0,0
BRDA:599,36,0,0
BRDA:638,37,0,0
BRDA:646,38,0,0
BRDA:682,39,0,0
BRDA:694,40,0,0
BRDA:694,40,1,0
BRDA:698,41,0,0
BRDA:698,41,1,0
BRDA:702,42,0,0
BRDA:710,43,0,0
BRDA:714,44,0,0
BRDA:714,44,1,0
BRDA:734,45,0,0
BRDA:743,46,0,0
BRDA:782,47,0,0
BRDA:790,48,0,0
BRDA:805,49,0,0
BRDA:805,49,1,0
BRDA:810,50,0,0
BRDA:818,51,0,0
BRDA:821,52,0,0
BRDA:821,52,1,0
BRDA:826,53,0,0
BRDA:834,54,0,0
BRDA:842,55,0,0
BRDA:845,56,0,0
BRDA:845,56,1,0
BRDA:850,57,0,0
BRDA:854,58,0,0
BRDA:854,58,1,0
BRF:89
BRH:0
end_of_record
TN:
SF:src/presentation/commands/case-commands.ts
FN:44,(anonymous_4)
FN:57,(anonymous_5)
FN:156,(anonymous_6)
FN:212,(anonymous_7)
FN:298,(anonymous_8)
FN:364,(anonymous_9)
FN:408,(anonymous_10)
FN:456,(anonymous_11)
FN:519,(anonymous_12)
FN:544,(anonymous_13)
FN:571,(anonymous_14)
FN:577,(anonymous_15)
FN:599,(anonymous_16)
FN:605,(anonymous_17)
FN:628,(anonymous_18)
FN:650,(anonymous_19)
FN:658,(anonymous_20)
FN:658,(anonymous_21)
FN:682,(anonymous_22)
FN:687,(anonymous_23)
FN:705,(anonymous_24)
FN:746,(anonymous_25)
FN:802,(anonymous_26)
FN:840,(anonymous_27)
FN:885,(anonymous_28)
FN:933,(anonymous_29)
FN:970,(anonymous_30)
FN:1049,(anonymous_31)
FN:1101,(anonymous_32)
FN:1139,(anonymous_33)
FN:1152,(anonymous_34)
FN:1167,(anonymous_35)
FN:1172,(anonymous_36)
FN:132,(anonymous_37)
FNF:34
FNH:0
FNDA:0,(anonymous_4)
FNDA:0,(anonymous_5)
FNDA:0,(anonymous_6)
FNDA:0,(anonymous_7)
FNDA:0,(anonymous_8)
FNDA:0,(anonymous_9)
FNDA:0,(anonymous_10)
FNDA:0,(anonymous_11)
FNDA:0,(anonymous_12)
FNDA:0,(anonymous_13)
FNDA:0,(anonymous_14)
FNDA:0,(anonymous_15)
FNDA:0,(anonymous_16)
FNDA:0,(anonymous_17)
FNDA:0,(anonymous_18)
FNDA:0,(anonymous_19)
FNDA:0,(anonymous_20)
FNDA:0,(anonymous_21)
FNDA:0,(anonymous_22)
FNDA:0,(anonymous_23)
FNDA:0,(anonymous_24)
FNDA:0,(anonymous_25)
FNDA:0,(anonymous_26)
FNDA:0,(anonymous_27)
FNDA:0,(anonymous_28)
FNDA:0,(anonymous_29)
FNDA:0,(anonymous_30)
FNDA:0,(anonymous_31)
FNDA:0,(anonymous_32)
FNDA:0,(anonymous_33)
FNDA:0,(anonymous_34)
FNDA:0,(anonymous_35)
FNDA:0,(anonymous_36)
FNDA:0,(anonymous_37)
DA:1,0
DA:19,0
DA:20,0
DA:21,0
DA:22,0
DA:23,0
DA:24,0
DA:25,0
DA:26,0
DA:35,0
DA:40,0
DA:45,0
DA:46,0
DA:47,0
DA:49,0
DA:50,0
DA:57,0
DA:67,0
DA:68,0
DA:69,0
DA:70,0
DA:73,0
DA:74,0
DA:75,0
DA:80,0
DA:81,0
DA:85,0
DA:94,0
DA:97,0
DA:100,0
DA:108,0
DA:111,0
DA:113,0
DA:114,0
DA:115,0
DA:118,0
DA:123,0
DA:133,0
DA:134,0
DA:135,0
DA:145,0
DA:146,0
DA:150,0
DA:153,0
DA:156,0
DA:166,0
DA:168,0
DA:169,0
DA:170,0
DA:175,0
DA:176,0
DA:179,0
DA:185,0
DA:187,0
DA:194,0
DA:197,0
DA:199,0
DA:204,0
DA:212,0
DA:229,0
DA:231,0
DA:232,0
DA:233,0
DA:238,0
DA:239,0
DA:243,0
DA:244,0
DA:246,0
DA:247,0
DA:252,0
DA:253,0
DA:256,0
DA:263,0
DA:266,0
DA:268,0
DA:277,0
DA:280,0
DA:283,0
DA:285,0
DA:290,0
DA:298,0
DA:329,0
DA:330,0
DA:331,0
DA:332,0
DA:333,0
DA:336,0
DA:337,0
DA:338,0
DA:339,0
DA:342,0
DA:349,0
DA:350,0
DA:352,0
DA:357,0
DA:363,0
DA:364,0
DA:365,0
DA:372,0
DA:374,0
DA:381,0
DA:383,0
DA:390,0
DA:393,0
DA:395,0
DA:400,0
DA:408,0
DA:418,0
DA:419,0
DA:421,0
DA:423,0
DA:426,0
DA:429,0
DA:430,0
DA:437,0
DA:438,0
DA:442,0
DA:445,0
DA:447,0
DA:452,0
DA:461,0
DA:467,0
DA:473,0
DA:479,0
DA:485,0
DA:491,0
DA:495,0
DA:497,0
DA:498,0
DA:500,0
DA:501,0
DA:503,0
DA:504,0
DA:506,0
DA:507,0
DA:510,0
DA:512,0
DA:513,0
DA:515,0
DA:520,0
DA:527,0
DA:534,0
DA:543,0
DA:544,0
DA:545,0
DA:548,0
DA:550,0
DA:551,0
DA:559,0
DA:565,0
DA:566,0
DA:572,0
DA:574,0
DA:575,0
DA:578,0
DA:585,0
DA:587,0
DA:588,0
DA:595,0
DA:600,0
DA:602,0
DA:603,0
DA:606,0
DA:607,0
[...]
DA:1301,0
DA:1302,0
DA:1304,0
DA:1306,0
DA:1316,0
DA:1317,0
DA:1318,0
DA:1325,0
DA:1326,0
DA:1327,0
DA:1328,0
DA:1330,0
DA:1333,0
DA:1336,0
DA:1337,0
DA:1345,0
DA:1346,0
DA:1347,0
DA:1348,0
DA:1349,0
DA:1351,0
DA:1352,0
DA:1353,0
DA:1356,0
DA:1357,0
DA:1362,0
DA:1363,0
DA:1367,0
DA:1372,0
DA:1380,0
DA:1383,0
DA:1386,0
DA:1387,0
DA:1389,0
DA:1390,0
DA:1391,0
DA:1392,0
DA:1399,0
DA:1400,0
DA:1403,0
DA:1406,0
DA:1409,0
DA:1412,0
DA:1413,0
DA:1418,0
DA:1423,0
DA:1424,0
DA:1425,0
DA:1426,0
DA:1427,0
DA:1430,0
DA:1431,0
DA:1434,0
DA:1435,0
DA:1436,0
DA:1441,0
DA:1442,0
DA:1445,0
DA:1446,0
DA:1451,0
DA:1452,0
DA:1456,0
DA:1457,0
DA:1459,0
DA:1460,0
DA:1461,0
DA:1462,0
DA:1463,0
DA:1464,0
DA:1465,0
DA:1476,0
DA:1484,0
DA:1487,0
DA:1496,0
DA:1499,0
DA:1502,0
DA:1504,0
DA:1505,0
DA:1506,0
DA:1509,0
DA:1514,0
DA:1515,0
DA:1517,0
DA:1523,0
DA:1524,0
DA:1526,0
DA:1527,0
DA:1531,0
DA:1534,0
DA:1535,0
DA:1537,0
DA:1538,0
DA:1542,0
DA:1546,0
DA:1551,0
DA:1559,0
DA:1560,0
DA:1561,0
DA:1563,0
DA:1564,0
DA:1565,0
DA:1569,0
DA:1573,0
DA:1579,0
DA:1585,0
DA:1588,0
DA:1593,0
DA:1599,0
DA:1604,0
DA:1605,0
DA:1606,0
DA:1609,0
DA:1616,0
DA:1617,0
DA:1618,0
DA:1621,0
DA:1626,0
DA:1627,0
DA:1628,0
DA:1631,0
DA:1637,0
DA:1643,0
DA:1646,0
DA:1652,0
DA:1653,0
DA:1654,0
DA:1661,0
DA:1662,0
DA:1663,0
DA:1664,0
DA:1665,0
DA:1667,0
DA:1668,0
DA:1669,0
DA:1676,0
DA:1684,0
DA:1693,0
DA:1694,0
DA:1695,0
DA:1703,0
DA:1705,0
DA:1712,0
DA:1714,0
DA:1719,0
DA:1724,0
DA:1725,0
DA:1726,0
DA:1729,0
DA:1733,0
DA:1741,0
DA:1744,0
DA:1746,0
DA:1749,0
DA:1751,0
DA:1756,0
DA:1761,0
DA:1762,0
DA:1763,0
DA:1764,0
DA:1767,0
DA:1776,0
DA:1782,0
DA:1783,0
DA:1784,0
DA:1792,0
DA:1794,0
DA:1801,0
DA:1803,0
DA:1808,0
LF:565
LH:0
BRDA:233,0,0,0
BRDA:247,1,0,0
BRDA:247,1,1,0
BRDA:262,2,0,0
BRDA:262,2,1,0
BRDA:320,3,0,0
BRDA:320,3,1,0
BRDA:324,4,0,0
BRDA:324,5,0,0
BRDA:324,5,1,0
BRDA:325,6,0,0
BRDA:325,7,0,0
BRDA:325,7,1,0
BRDA:335,8,0,0
BRDA:336,9,0,0
BRDA:346,10,0,0
BRDA:352,11,0,0
BRDA:373,12,0,0
BRDA:373,12,1,0
BRDA:374,13,0,0
BRDA:374,13,1,0
BRDA:385,14,0,0
BRDA:394,15,0,0
BRDA:403,16,0,0
BRDA:403,16,1,0
BRDA:450,17,0,0
BRDA:470,18,0,0
BRDA:485,19,0,0
BRDA:485,19,1,0
BRDA:487,20,0,0
BRDA:487,20,1,0
BRDA:556,21,0,0
BRDA:557,22,0,0
BRDA:558,23,0,0
BRDA:559,24,0,0
BRDA:568,25,0,0
BRDA:569,26,0,0
BRDA:570,27,0,0
BRDA:570,28,0,0
BRDA:570,28,1,0
BRDA:580,29,0,0
BRDA:590,30,0,0
BRDA:605,31,0,0
BRDA:605,31,1,0
BRDA:640,32,0,0
BRDA:650,33,0,0
BRDA:650,33,1,0
BRDA:652,34,0,0
BRDA:652,34,1,0
BRDA:654,35,0,0
BRDA:654,35,1,0
BRDA:663,36,0,0
BRDA:663,37,0,0
BRDA:663,37,1,0
BRDA:672,38,0,0
BRDA:672,38,1,0
BRDA:676,39,0,0
BRDA:676,39,1,0
BRDA:706,40,0,0
BRDA:757,41,0,0
BRDA:767,42,0,0
BRDA:803,43,0,0
BRDA:812,44,0,0
BRDA:812,45,0,0
BRDA:812,45,1,0
BRDA:836,46,0,0
BRDA:836,46,1,0
BRDA:837,47,0,0
BRDA:837,47,1,0
BRDA:848,48,0,0
BRDA:857,49,0,0
BRDA:866,50,0,0
BRDA:866,50,1,0
BRDA:895,51,0,0
BRDA:898,52,0,0
BRDA:898,52,1,0
BRDA:908,53,0,0
BRDA:908,53,1,0
BRDA:912,54,0,0
BRDA:918,55,0,0
BRDA:927,56,0,0
BRDA:927,56,1,0
BRDA:933,57,0,0
BRDA:933,57,1,0
BRDA:966,58,0,0
BRDA:975,59,0,0
BRDA:992,60,0,0
BRDA:992,60,1,0
BRDA:1039,61,0,0
BRDA:1049,62,0,0
BRDA:1063,63,0,0
BRDA:1063,63,1,0
BRDA:1066,64,0,0
BRDA:1066,64,1,0
BRDA:1069,65,0,0
BRDA:1077,66,0,0
BRDA:1085,67,0,0
BRDA:1098,68,0,0
BRDA:1114,69,0,0
BRDA:1131,70,0,0
BRDA:1131,70,1,0
BRDA:1160,71,0,0
BRDA:1169,72,0,0
BRDA:1169,72,1,0
BRDA:1174,73,0,0
BRDA:1174,73,1,0
BRDA:1175,74,0,0
BRDA:1175,74,1,0
BRDA:1183,75,0,0
BRDA:1187,76,0,0
BRDA:1187,76,1,0
BRDA:1192,77,0,0
BRDA:1192,77,1,0
BRDA:1192,78,0,0
BRDA:1192,78,1,0
BRDA:1194,79,0,0
BRDA:1194,79,1,0
BRDA:1194,80,0,0
BRDA:1194,80,1,0
BRDA:1229,81,0,0
BRDA:1237,82,0,0
BRDA:1239,83,0,0
BRDA:1239,83,1,0
BRDA:1245,84,0,0
BRDA:1245,84,1,0
BRDA:1250,85,0,0
BRDA:1258,86,0,0
BRDA:1301,87,0,0
BRDA:1301,87,1,0
BRDA:1302,88,0,0
BRDA:1302,88,1,0
BRDA:1307,89,0,0
BRDA:1307,89,1,0
BRDA:1308,90,0,0
BRDA:1308,90,1,0
BRDA:1316,91,0,0
BRDA:1320,92,0,0
BRDA:1320,92,1,0
BRDA:1325,93,0,0
BRDA:1325,93,1,0
BRDA:1325,94,0,0
BRDA:1325,94,1,0
BRDA:1327,95,0,0
BRDA:1327,95,1,0
BRDA:1327,96,0,0
BRDA:1327,96,1,0
BRDA:1348,97,0,0
BRDA:1352,98,0,0
BRDA:1356,99,0,0
BRDA:1386,100,0,0
BRDA:1386,100,1,0
BRDA:1391,101,0,0
BRDA:1395,102,0,0
BRDA:1395,102,1,0
BRDA:1397,103,0,0
BRDA:1397,103,1,0
BRDA:1399,104,0,0
BRDA:1435,105,0,0
BRDA:1445,106,0,0
BRDA:1456,107,0,0
BRDA:1456,107,1,0
BRDA:1464,108,0,0
BRDA:1505,109,0,0
BRDA:1514,110,0,0
BRDA:1514,110,1,0
BRDA:1526,111,0,0
BRDA:1537,112,0,0
BRDA:1537,113,0,0
BRDA:1537,113,1,0
BRDA:1559,114,0,0
BRDA:1560,115,0,0
BRDA:1560,115,1,0
BRDA:1564,116,0,0
BRDA:1564,116,1,0
BRDA:1617,117,0,0
BRDA:1627,118,0,0
BRDA:1653,119,0,0
BRDA:1661,120,0,0
BRDA:1661,121,0,0
BRDA:1661,121,1,0
BRDA:1667,122,0,0
BRDA:1667,122,1,0
BRDA:1667,123,0,0
BRDA:1667,123,1,0
BRDA:1699,124,0,0
BRDA:1699,124,1,0
BRDA:1764,125,0,0
BRDA:1764,125,1,0
BRDA:1788,126,0,0
BRDA:1788,126,1,0
BRDA:52,127,0,0
BRDA:52,128,0,0
BRDA:52,128,1,0
BRDA:65,129,0,0
BRDA:65,129,1,0
BRDA:69,130,0,0
BRDA:87,131,0,0
BRDA:87,132,0,0
BRDA:87,132,1,0
BRDA:100,133,0,0
BRDA:100,133,1,0
BRDA:135,134,0,0
BRDA:149,135,0,0
BRDA:149,136,0,0
BRDA:149,136,1,0
BRDA:155,137,0,0
BRDA:155,138,0,0
BRDA:155,138,1,0
BRDA:164,139,0,0
BRDA:164,139,1,0
BRDA:180,140,0,0
BRDA:181,141,0,0
BRDA:181,142,0,0
BRDA:181,142,1,0
BRDA:181,142,2,0
BRF:215
BRH:0
end_of_record
TN:
SF:src/presentation/commands/metrics-commands.ts
FN:23,(anonymous_4)
FN:27,(anonymous_5)
FN:88,(anonymous_6)
FN:150,(anonymous_7)
FN:182,(anonymous_8)
FN:194,(anonymous_9)
FN:230,(anonymous_10)
FNF:7
FNH:0
FNDA:0,(anonymous_4)
FNDA:0,(anonymous_5)
FNDA:0,(anonymous_6)
FNDA:0,(anonymous_7)
FNDA:0,(anonymous_8)
FNDA:0,(anonymous_9)
FNDA:0,(anonymous_10)
DA:1,0
DA:7,0
DA:13,0
DA:14,0
DA:15,0
DA:20,0
DA:24,0
DA:28,0
DA:34,0
DA:41,0
DA:50,0
DA:57,0
DA:63,0
DA:70,0
DA:71,0
DA:72,0
DA:78,0
DA:85,0
DA:89,0
DA:95,0
DA:102,0
DA:110,0
DA:117,0
DA:119,0
DA:120,0
DA:123,0
DA:125,0
DA:126,0
DA:127,0
DA:130,0
DA:131,0
DA:139,0
DA:140,0
DA:141,0
DA:142,0
DA:143,0
DA:144,0
DA:147,0
DA:151,0
DA:157,0
DA:163,0
DA:170,0
DA:171,0
DA:172,0
DA:180,0
DA:181,0
DA:182,0
DA:183,0
DA:184,0
DA:187,0
DA:190,0
DA:194,0
DA:195,0
DA:196,0
DA:197,0
DA:201,0
DA:204,0
DA:206,0
DA:207,0
DA:209,0
DA:214,0
DA:216,0
DA:221,0
DA:222,0
DA:224,0
DA:230,0
DA:240,0
DA:241,0
DA:242,0
DA:246,0
DA:249,0
DA:251,0
DA:255,0
DA:257,0
DA:258,0
DA:260,0
DA:264,0
DA:265,0
DA:267,0
DA:271,0
DA:276,0
DA:278,0
DA:280,0
DA:281,0
DA:282,0
DA:288,0
DA:290,0
DA:291,0
DA:293,0
LF:89
LH:0
BRDA:70,0,0,0
BRDA:91,1,0,0
BRDA:91,1,1,0
BRDA:91,1,2,0
BRDA:119,2,0,0
BRDA:125,3,0,0
BRDA:130,4,0,0
BRDA:139,5,0,0
BRDA:139,5,1,0
BRDA:141,6,0,0
BRDA:141,6,1,0
BRDA:143,7,0,0
BRDA:170,8,0,0
BRDA:174,9,0,0
BRDA:174,9,1,0
BRDA:181,10,0,0
BRDA:183,11,0,0
BRDA:183,11,1,0
BRDA:183,12,0,0
BRDA:183,12,1,0
BRDA:184,13,0,0
BRDA:184,13,1,0
BRDA:196,14,0,0
BRDA:221,15,0,0
BRDA:221,15,1,0
BRDA:241,16,0,0
BRDA:255,17,0,0
BRDA:255,17,1,0
BRDA:257,18,0,0
BRDA:257,18,1,0
BRDA:264,19,0,0
BRDA:264,19,1,0
BRDA:280,20,0,0
BRDA:281,21,0,0
BRDA:282,22,0,0
BRDA:282,22,1,0
BRDA:290,23,0,0
BRDA:290,23,1,0
BRF:38
BRH:0
end_of_record
TN:
SF:src/presentation/commands/reminder-commands.ts
FN:25,(anonymous_4)
FN:41,(anonymous_5)
FN:124,(anonymous_6)
FN:154,(anonymous_7)
FN:189,(anonymous_8)
FN:235,(anonymous_9)
FN:273,(anonymous_10)
FNF:7
FNH:0
FNDA:0,(anonymous_4)
FNDA:0,(anonymous_5)
FNDA:0,(anonymous_6)
FNDA:0,(anonymous_7)
FNDA:0,(anonymous_8)
FNDA:0,(anonymous_9)
FNDA:0,(anonymous_10)
DA:1,0
DA:6,0
DA:7,0
DA:8,0
DA:9,0
DA:10,0
DA:11,0
DA:12,0
DA:17,0
DA:22,0
DA:26,0
DA:27,0
DA:28,0
DA:30,0
DA:41,0
DA:58,0
DA:59,0
DA:60,0
DA:61,0
DA:62,0
DA:65,0
DA:66,0
DA:67,0
DA:71,0
DA:72,0
DA:75,0
DA:76,0
DA:80,0
DA:81,0
DA:85,0
DA:94,0
DA:95,0
DA:97,0
DA:102,0
DA:107,0
DA:110,0
DA:112,0
DA:116,0
DA:124,0
DA:127,0
DA:128,0
DA:129,0
DA:131,0
DA:133,0
DA:134,0
DA:138,0
DA:139,0
DA:142,0
DA:153,0
DA:154,0
DA:157,0
DA:158,0
DA:159,0
DA:161,0
DA:168,0
DA:169,0
DA:172,0
DA:175,0
DA:177,0
DA:181,0
DA:189,0
DA:199,0
DA:200,0
DA:202,0
DA:204,0
DA:205,0
DA:209,0
DA:210,0
DA:213,0
DA:218,0
DA:221,0
DA:223,0
DA:227,0
DA:235,0
DA:238,0
DA:239,0
DA:241,0
DA:242,0
DA:246,0
DA:247,0
DA:250,0
DA:252,0
DA:253,0
DA:257,0
DA:258,0
DA:261,0
DA:272,0
DA:273,0
DA:276,0
DA:277,0
DA:279,0
DA:286,0
DA:289,0
DA:291,0
DA:295,0
LF:95
LH:0
BRDA:66,0,0,0
BRDA:75,1,0,0
BRDA:91,2,0,0
BRDA:91,2,1,0
BRDA:95,3,0,0
BRDA:95,3,1,0
BRDA:114,4,0,0
BRDA:114,4,1,0
BRDA:133,5,0,0
BRDA:148,6,0,0
BRDA:148,6,1,0
BRDA:149,7,0,0
BRDA:149,7,1,0
BRDA:159,8,0,0
BRDA:159,8,1,0
BRDA:163,9,0,0
BRDA:163,9,1,0
BRDA:168,10,0,0
BRDA:204,11,0,0
BRDA:225,12,0,0
BRDA:225,12,1,0
BRDA:241,13,0,0
BRDA:252,14,0,0
BRDA:267,15,0,0
BRDA:267,15,1,0
BRDA:268,16,0,0
BRDA:268,16,1,0
BRF:27
BRH:0
end_of_record
TN:
SF:src/presentation/commands/repair-commands.ts
FN:26,(anonymous_4)
FN:32,(anonymous_5)
FN:34,(anonymous_6)
FN:45,(anonymous_7)
FN:50,(anonymous_8)
FN:84,(anonymous_9)
FN:118,(anonymous_10)
FN:169,(anonymous_11)
FN:220,(anonymous_12)
FN:271,(anonymous_13)
FN:322,(anonymous_14)
FN:373,(anonymous_15)
FN:424,(anonymous_16)
FN:475,(anonymous_17)
FNF:14
FNH:0
FNDA:0,(anonymous_4)
FNDA:0,(anonymous_5)
FNDA:0,(anonymous_6)
FNDA:0,(anonymous_7)
FNDA:0,(anonymous_8)
FNDA:0,(anonymous_9)
FNDA:0,(anonymous_10)
FNDA:0,(anonymous_11)
FNDA:0,(anonymous_12)
FNDA:0,(anonymous_13)
FNDA:0,(anonymous_14)
FNDA:0,(anonymous_15)
FNDA:0,(anonymous_16)
FNDA:0,(anonymous_17)
DA:1,0
DA:7,0
DA:12,0
DA:13,0
DA:14,0
DA:15,0
DA:16,0
DA:21,0
DA:27,0
DA:28,0
DA:29,0
DA:33,0
DA:34,0
DA:35,0
DA:37,0
DA:46,0
DA:47,0
DA:51,0
DA:57,0
DA:58,0
DA:59,0
DA:61,0
DA:69,0
DA:70,0
DA:71,0
DA:73,0
DA:81,0
DA:85,0
DA:94,0
DA:101,0
DA:103,0
DA:104,0
DA:105,0
DA:107,0
DA:114,0
DA:118,0
DA:128,0
DA:129,0
DA:130,0
DA:134,0
DA:137,0
DA:138,0
DA:139,0
DA:143,0
DA:146,0
DA:151,0
DA:152,0
DA:154,0
DA:160,0
DA:161,0
DA:169,0
DA:179,0
DA:180,0
DA:181,0
DA:185,0
DA:188,0
DA:189,0
DA:190,0
DA:194,0
DA:197,0
DA:202,0
DA:203,0
DA:205,0
DA:211,0
DA:212,0
DA:220,0
DA:230,0
DA:231,0
DA:232,0
DA:236,0
DA:239,0
DA:240,0
DA:241,0
DA:245,0
DA:248,0
DA:253,0
DA:254,0
DA:256,0
DA:262,0
DA:263,0
DA:271,0
DA:281,0
DA:282,0
DA:283,0
DA:287,0
DA:290,0
DA:291,0
DA:292,0
DA:296,0
DA:299,0
DA:304,0
DA:305,0
DA:307,0
DA:313,0
DA:314,0
DA:322,0
DA:332,0
DA:333,0
DA:334,0
DA:338,0
DA:341,0
DA:342,0
DA:343,0
DA:347,0
DA:350,0
DA:355,0
DA:356,0
DA:358,0
DA:364,0
DA:365,0
DA:373,0
DA:383,0
DA:384,0
DA:385,0
DA:389,0
DA:392,0
DA:393,0
DA:394,0
DA:398,0
DA:401,0
DA:406,0
DA:407,0
DA:409,0
DA:415,0
DA:416,0
DA:424,0
DA:434,0
DA:435,0
DA:436,0
DA:440,0
DA:443,0
DA:444,0
DA:445,0
DA:449,0
DA:452,0
DA:457,0
DA:458,0
DA:460,0
DA:466,0
DA:467,0
DA:475,0
DA:478,0
DA:479,0
DA:480,0
DA:484,0
DA:487,0
DA:488,0
DA:489,0
DA:493,0
DA:496,0
DA:501,0
DA:502,0
DA:504,0
DA:510,0
DA:511,0
LF:155
LH:0
BRDA:34,0,0,0
BRDA:34,0,1,0
BRDA:52,1,0,0
BRDA:52,1,1,0
BRDA:54,2,0,0
BRDA:54,2,1,0
BRDA:57,3,0,0
BRDA:59,4,0,0
BRDA:59,4,1,0
BRDA:69,5,0,0
BRDA:71,6,0,0
BRDA:71,6,1,0
BRDA:86,7,0,0
BRDA:86,7,1,0
BRDA:87,8,0,0
BRDA:87,8,1,0
BRDA:90,9,0,0
BRDA:90,9,1,0
BRDA:95,10,0,0
BRDA:95,10,1,0
BRDA:96,11,0,0
BRDA:96,11,1,0
BRDA:97,12,0,0
BRDA:97,12,1,0
BRDA:98,13,0,0
BRDA:98,13,1,0
BRDA:103,14,0,0
BRDA:105,15,0,0
BRDA:105,15,1,0
BRDA:125,16,0,0
BRDA:129,17,0,0
BRDA:138,18,0,0
BRDA:147,19,0,0
BRDA:147,19,1,0
BRDA:176,20,0,0
BRDA:180,21,0,0
BRDA:189,22,0,0
BRDA:198,23,0,0
BRDA:198,23,1,0
BRDA:227,24,0,0
BRDA:231,25,0,0
BRDA:240,26,0,0
BRDA:249,27,0,0
BRDA:249,27,1,0
BRDA:278,28,0,0
BRDA:282,29,0,0
BRDA:291,30,0,0
BRDA:300,31,0,0
BRDA:300,31,1,0
BRDA:329,32,0,0
BRDA:333,33,0,0
BRDA:342,34,0,0
BRDA:351,35,0,0
BRDA:351,35,1,0
BRDA:380,36,0,0
BRDA:384,37,0,0
BRDA:393,38,0,0
BRDA:402,39,0,0
BRDA:402,39,1,0
BRDA:431,40,0,0
BRDA:435,41,0,0
BRDA:444,42,0,0
BRDA:453,43,0,0
BRDA:453,43,1,0
BRDA:479,44,0,0
BRDA:488,45,0,0
BRF:66
BRH:0
end_of_record
TN:
SF:src/presentation/commands/retainer-commands.ts
FN:50,(anonymous_4)
FN:66,(anonymous_5)
FN:138,(anonymous_6)
FN:164,(anonymous_7)
FN:177,(anonymous_8)
FN:208,(anonymous_9)
FN:261,(anonymous_10)
FN:309,(anonymous_11)
FN:366,(anonymous_12)
FN:384,(anonymous_13)
FN:432,(anonymous_14)
FN:28,(anonymous_15)
FNF:12
FNH:0
FNDA:0,(anonymous_4)
FNDA:0,(anonymous_5)
FNDA:0,(anonymous_6)
FNDA:0,(anonymous_7)
FNDA:0,(anonymous_8)
FNDA:0,(anonymous_9)
FNDA:0,(anonymous_10)
FNDA:0,(anonymous_11)
FNDA:0,(anonymous_12)
FNDA:0,(anonymous_13)
FNDA:0,(anonymous_14)
FNDA:0,(anonymous_15)
DA:1,0
DA:14,0
DA:15,0
DA:16,0
DA:17,0
DA:18,0
DA:19,0
DA:20,0
DA:22,0
DA:29,0
DA:30,0
DA:31,0
DA:36,0
DA:37,0
DA:41,0
DA:44,0
DA:47,0
DA:51,0
DA:52,0
DA:53,0
DA:55,0
DA:66,0
DA:76,0
DA:77,0
DA:78,0
DA:79,0
DA:82,0
DA:83,0
DA:84,0
DA:89,0
DA:90,0
DA:94,0
DA:100,0
DA:103,0
DA:106,0
DA:115,0
DA:118,0
DA:120,0
DA:121,0
DA:122,0
DA:125,0
DA:130,0
DA:138,0
DA:139,0
DA:140,0
DA:142,0
DA:143,0
DA:144,0
DA:146,0
DA:151,0
DA:161,0
DA:162,0
DA:165,0
DA:171,0
DA:174,0
DA:175,0
DA:178,0
DA:183,0
DA:186,0
DA:187,0
DA:194,0
DA:197,0
DA:199,0
DA:204,0
DA:209,0
DA:210,0
DA:220,0
DA:225,0
DA:227,0
DA:234,0
DA:240,0
DA:243,0
DA:248,0
DA:255,0
DA:256,0
DA:261,0
DA:262,0
DA:263,0
DA:266,0
DA:270,0
DA:278,0
DA:286,0
DA:289,0
DA:292,0
DA:294,0
DA:297,0
DA:299,0
DA:304,0
DA:309,0
DA:310,0
DA:311,0
DA:312,0
DA:313,0
DA:316,0
DA:317,0
DA:322,0
DA:323,0
DA:327,0
DA:332,0
DA:335,0
DA:344,0
DA:347,0
DA:350,0
DA:352,0
DA:353,0
DA:354,0
DA:357,0
DA:362,0
DA:367,0
DA:368,0
DA:374,0
DA:377,0
DA:380,0
DA:385,0
DA:386,0
DA:388,0
DA:389,0
DA:393,0
DA:396,0
DA:397,0
DA:398,0
DA:400,0
DA:401,0
DA:405,0
DA:409,0
DA:410,0
DA:414,0
DA:418,0
DA:420,0
DA:427,0
DA:433,0
DA:434,0
DA:436,0
DA:437,0
DA:441,0
DA:444,0
DA:445,0
DA:447,0
DA:448,0
DA:452,0
DA:456,0
DA:457,0
DA:460,0
DA:467,0
DA:472,0
DA:482,0
DA:489,0
DA:500,0
DA:502,0
DA:510,0
LF:150
LH:0
BRDA:83,0,0,0
BRDA:121,1,0,0
BRDA:161,2,0,0
BRDA:166,3,0,0
BRDA:166,3,1,0
BRDA:167,4,0,0
BRDA:167,4,1,0
BRDA:174,5,0,0
BRDA:179,6,0,0
BRDA:179,6,1,0
BRDA:186,7,0,0
BRDA:186,8,0,0
BRDA:186,8,1,0
BRDA:316,9,0,0
BRDA:353,10,0,0
BRDA:388,11,0,0
BRDA:400,12,0,0
BRDA:409,13,0,0
BRDA:436,14,0,0
BRDA:447,15,0,0
BRDA:447,16,0,0
BRDA:447,16,1,0
BRDA:492,17,0,0
BRDA:492,17,1,0
BRDA:493,18,0,0
BRDA:493,18,1,0
BRDA:36,19,0,0
BRF:27
BRH:0
end_of_record
TN:
SF:src/presentation/commands/role-commands.ts
FN:24,(anonymous_2)
FN:30,(anonymous_3)
FN:32,(anonymous_4)
FN:43,(anonymous_5)
FN:49,(anonymous_6)
FN:110,(anonymous_7)
FN:141,(anonymous_8)
FN:142,(anonymous_9)
FN:183,(anonymous_10)
FNF:9
FNH:0
FNDA:0,(anonymous_2)
FNDA:0,(anonymous_3)
FNDA:0,(anonymous_4)
FNDA:0,(anonymous_5)
FNDA:0,(anonymous_6)
FNDA:0,(anonymous_7)
FNDA:0,(anonymous_8)
FNDA:0,(anonymous_9)
FNDA:0,(anonymous_10)
DA:1,0
DA:6,0
DA:10,0
DA:11,0
DA:12,0
DA:13,0
DA:14,0
DA:19,0
DA:25,0
DA:26,0
DA:27,0
DA:31,0
DA:32,0
DA:33,0
DA:35,0
DA:44,0
DA:49,0
DA:50,0
DA:51,0
DA:52,0
DA:56,0
DA:60,0
DA:61,0
DA:63,0
DA:64,0
DA:68,0
DA:71,0
DA:74,0
DA:76,0
DA:81,0
DA:92,0
DA:94,0
DA:97,0
DA:99,0
DA:101,0
DA:102,0
DA:104,0
DA:110,0
DA:111,0
DA:112,0
DA:113,0
DA:117,0
DA:121,0
DA:122,0
DA:124,0
DA:125,0
DA:129,0
DA:133,0
DA:134,0
DA:136,0
DA:137,0
DA:139,0
DA:140,0
DA:141,0
DA:142,0
DA:144,0
DA:145,0
DA:148,0
DA:149,0
DA:150,0
DA:151,0
DA:157,0
DA:162,0
DA:181,0
DA:182,0
DA:183,0
DA:186,0
DA:193,0
DA:204,0
DA:207,0
DA:208,0
LF:71
LH:0
BRDA:32,0,0,0
BRDA:32,0,1,0
BRDA:51,1,0,0
BRDA:51,2,0,0
BRDA:51,2,1,0
BRDA:63,3,0,0
BRDA:101,4,0,0
BRDA:101,4,1,0
BRDA:112,5,0,0
BRDA:112,6,0,0
BRDA:112,6,1,0
BRDA:124,7,0,0
BRDA:144,8,0,0
BRDA:149,9,0,0
BRDA:150,10,0,0
BRDA:150,10,1,0
BRDA:181,11,0,0
BRF:17
BRH:0
end_of_record
TN:
SF:src/presentation/commands/staff-commands.ts
FN:33,(anonymous_4)
FN:45,(anonymous_5)
FN:47,(anonymous_6)
FN:58,(anonymous_7)
FN:66,(anonymous_8)
FN:74,(anonymous_9)
FN:88,(anonymous_10)
FN:201,(anonymous_11)
FN:305,(anonymous_12)
FN:420,(anonymous_13)
FN:535,(anonymous_14)
FN:587,(anonymous_15)
FN:596,(anonymous_16)
FN:601,(anonymous_17)
FN:629,(anonymous_18)
FN:677,(anonymous_19)
FNF:16
FNH:0
FNDA:0,(anonymous_4)
FNDA:0,(anonymous_5)
FNDA:0,(anonymous_6)
FNDA:0,(anonymous_7)
FNDA:0,(anonymous_8)
FNDA:0,(anonymous_9)
FNDA:0,(anonymous_10)
FNDA:0,(anonymous_11)
FNDA:0,(anonymous_12)
FNDA:0,(anonymous_13)
FNDA:0,(anonymous_14)
FNDA:0,(anonymous_15)
FNDA:0,(anonymous_16)
FNDA:0,(anonymous_17)
FNDA:0,(anonymous_18)
FNDA:0,(anonymous_19)
DA:1,0
DA:7,0
DA:13,0
DA:14,0
DA:15,0
DA:16,0
DA:17,0
DA:18,0
DA:19,0
DA:20,0
DA:25,0
DA:34,0
DA:35,0
DA:36,0
DA:37,0
DA:38,0
DA:42,0
DA:46,0
DA:47,0
DA:48,0
DA:50,0
DA:59,0
DA:67,0
DA:75,0
DA:80,0
DA:81,0
DA:84,0
DA:88,0
DA:119,0
DA:120,0
DA:121,0
DA:125,0
DA:128,0
DA:129,0
DA:131,0
DA:132,0
DA:136,0
DA:140,0
DA:141,0
DA:142,0
DA:146,0
DA:150,0
DA:151,0
DA:152,0
DA:153,0
DA:154,0
DA:158,0
DA:162,0
DA:171,0
DA:172,0
DA:176,0
DA:180,0
DA:181,0
DA:184,0
DA:190,0
DA:192,0
DA:193,0
DA:201,0
DA:218,0
DA:219,0
DA:220,0
DA:224,0
DA:227,0
DA:228,0
DA:230,0
DA:231,0
DA:235,0
DA:239,0
DA:240,0
DA:241,0
DA:245,0
DA:249,0
DA:250,0
DA:251,0
DA:252,0
DA:253,0
DA:257,0
DA:262,0
DA:263,0
DA:267,0
DA:270,0
DA:277,0
DA:278,0
DA:282,0
DA:286,0
DA:288,0
DA:294,0
DA:296,0
DA:297,0
DA:305,0
DA:329,0
DA:330,0
DA:331,0
DA:335,0
DA:338,0
DA:339,0
DA:341,0
DA:342,0
DA:346,0
DA:350,0
DA:351,0
DA:352,0
DA:356,0
DA:360,0
DA:361,0
DA:362,0
DA:366,0
DA:370,0
DA:371,0
DA:372,0
DA:373,0
DA:374,0
DA:378,0
DA:382,0
DA:390,0
DA:391,0
DA:395,0
DA:399,0
DA:400,0
DA:403,0
DA:409,0
DA:411,0
DA:412,0
DA:420,0
DA:444,0
DA:445,0
DA:446,0
DA:450,0
DA:453,0
DA:454,0
DA:456,0
DA:457,0
DA:461,0
DA:465,0
DA:466,0
DA:467,0
DA:471,0
DA:475,0
DA:476,0
DA:477,0
DA:481,0
DA:485,0
DA:486,0
DA:487,0
DA:488,0
DA:489,0
DA:493,0
DA:497,0
DA:505,0
DA:506,0
DA:510,0
DA:514,0
DA:515,0
DA:518,0
DA:524,0
DA:526,0
DA:527,0
DA:535,0
DA:545,0
DA:546,0
DA:547,0
DA:551,0
DA:555,0
DA:556,0
DA:557,0
DA:561,0
DA:564,0
DA:572,0
DA:573,0
DA:577,0
DA:580,0
DA:583,0
DA:586,0
DA:587,0
DA:588,0
DA:589,0
DA:591,0
DA:595,0
DA:596,0
DA:599,0
DA:600,0
DA:601,0
DA:602,0
DA:605,0
DA:612,0
DA:618,0
DA:620,0
DA:621,0
DA:629,0
DA:639,0
DA:640,0
DA:641,0
DA:645,0
DA:648,0
DA:654,0
DA:655,0
DA:659,0
DA:662,0
DA:664,0
DA:674,0
DA:675,0
DA:678,0
DA:683,0
DA:690,0
DA:692,0
DA:693,0
LF:206
LH:0
BRDA:47,0,0,0
BRDA:47,0,1,0
BRDA:80,1,0,0
BRDA:120,2,0,0
BRDA:120,3,0,0
BRDA:120,3,1,0
BRDA:131,4,0,0
BRDA:140,5,0,0
BRDA:151,6,0,0
BRDA:151,7,0,0
BRDA:151,7,1,0
BRDA:153,8,0,0
BRDA:171,9,0,0
BRDA:173,10,0,0
BRDA:173,10,1,0
BRDA:180,11,0,0
BRDA:219,12,0,0
BRDA:219,13,0,0
BRDA:219,13,1,0
BRDA:230,14,0,0
BRDA:240,15,0,0
BRDA:250,16,0,0
BRDA:250,17,0,0
BRDA:250,17,1,0
BRDA:252,18,0,0
BRDA:262,19,0,0
BRDA:262,20,0,0
BRDA:262,20,1,0
BRDA:277,21,0,0
BRDA:279,22,0,0
BRDA:279,22,1,0
BRDA:330,23,0,0
BRDA:330,24,0,0
BRDA:330,24,1,0
BRDA:341,25,0,0
BRDA:350,26,0,0
BRDA:361,27,0,0
BRDA:371,28,0,0
BRDA:371,29,0,0
BRDA:371,29,1,0
BRDA:373,30,0,0
BRDA:390,31,0,0
BRDA:392,32,0,0
BRDA:392,32,1,0
BRDA:399,33,0,0
BRDA:445,34,0,0
BRDA:445,35,0,0
BRDA:445,35,1,0
BRDA:456,36,0,0
BRDA:465,37,0,0
BRDA:476,38,0,0
BRDA:486,39,0,0
BRDA:486,40,0,0
BRDA:486,40,1,0
BRDA:488,41,0,0
BRDA:505,42,0,0
BRDA:507,43,0,0
BRDA:507,43,1,0
BRDA:514,44,0,0
BRDA:546,45,0,0
BRDA:555,46,0,0
BRDA:555,47,0,0
BRDA:555,47,1,0
BRDA:572,48,0,0
BRDA:573,49,0,0
BRDA:573,49,1,0
BRDA:588,50,0,0
BRDA:640,51,0,0
BRDA:654,52,0,0
BRDA:674,53,0,0
BRF:70
BRH:0
end_of_record
TN:
SF:src/scripts/clear-commands.ts
FN:14,clearAllCommands
FN:30,(anonymous_1)
FN:40,(anonymous_2)
FN:59,(anonymous_3)
FNF:4
FNH:0
FNDA:0,clearAllCommands
FNDA:0,(anonymous_1)
FNDA:0,(anonymous_2)
FNDA:0,(anonymous_3)
DA:2,0
DA:3,0
DA:4,0
DA:5,0
DA:8,0
DA:15,0
DA:16,0
DA:18,0
DA:23,0
DA:24,0
DA:25,0
DA:28,0
DA:30,0
DA:31,0
DA:32,0
DA:35,0
DA:36,0
DA:37,0
DA:39,0
DA:40,0
DA:41,0
DA:44,0
DA:45,0
DA:46,0
DA:50,0
DA:52,0
DA:53,0
DA:54,0
DA:55,0
DA:56,0
DA:58,0
DA:59,0
DA:60,0
DA:63,0
DA:64,0
DA:67,0
DA:72,0
DA:73,0
DA:74,0
DA:76,0
DA:77,0
DA:78,0
DA:79,0
DA:80,0
DA:82,0
DA:85,0
DA:87,0
DA:88,0
DA:89,0
DA:92,0
DA:93,0
DA:94,0
DA:99,0
DA:100,0
DA:105,0
LF:55
LH:0
BRDA:24,0,0,0
BRDA:37,1,0,0
BRDA:37,1,1,0
BRDA:39,2,0,0
BRDA:39,3,0,0
BRDA:39,3,1,0
BRDA:58,4,0,0
BRDA:74,5,0,0
BRDA:74,5,1,0
BRF:9
BRH:0
end_of_record
